#
# There is insufficient memory for the Java Runtime Environment to continue.
# Native memory allocation (mmap) failed to map 34603008 bytes. Error detail: G1 virtual space
# Possible reasons:
#   The system is out of physical RAM or swap space
#   This process is running with CompressedOops enabled, and the Java Heap may be blocking the growth of the native heap
# Possible solutions:
#   Reduce memory load on the system
#   Increase physical memory or swap space
#   Check if swap backing store is full
#   Decrease Java heap size (-Xmx/-Xms)
#   Decrease number of Java threads
#   Decrease Java thread stack sizes (-Xss)
#   Set larger code cache with -XX:ReservedCodeCacheSize=
#   JVM is running with Unscaled Compressed Oops mode in which the Java heap is
#     placed in the first 4GB address space. The Java Heap base address is the
#     maximum limit for the native heap growth. Please use -XX:HeapBaseMinAddress
#     to set the Java Heap base and to place the Java Heap above 4GB virtual address.
# This output file may be truncated or incomplete.
#
#  Out of Memory Error (os_windows.cpp:3828), pid=19184, tid=1332
#
# JRE version: OpenJDK Runtime Environment (21.0.5) (build 21.0.5+-13047016-b750.29)
# Java VM: OpenJDK 64-Bit Server VM (21.0.5+-13047016-b750.29, mixed mode, tiered, compressed oops, compressed class ptrs, g1 gc, windows-amd64)
# No core dump will be written. Minidumps are not enabled by default on client versions of Windows
#

---------------  S U M M A R Y ------------

Command Line: org.jetbrains.kotlin.cli.jvm.K2JVMCompiler @D:\AndroidStudioProjects\CatatanKeuanganPribadi\app\build\20250605_17683249007778103394.compiler.options

Host: AMD Ryzen 5 5600H with Radeon Graphics         , 12 cores, 7G,  Windows 11 , 64 bit Build 22621 (10.0.22621.5262)
Time: Thu Jun  5 20:33:56 2025 SE Asia Standard Time elapsed time: 2.592393 seconds (0d 0h 0m 2s)

---------------  T H R E A D  ---------------

Current thread (0x000002a99cc32a40):  VMThread "VM Thread"          [id=1332, stack(0x000000e92a300000,0x000000e92a400000) (1024K)]

Stack: [0x000000e92a300000,0x000000e92a400000]
Native frames: (J=compiled Java code, j=interpreted, Vv=VM code, C=native code)
V  [jvm.dll+0x6cfb29]
V  [jvm.dll+0x85df93]
V  [jvm.dll+0x8604ee]
V  [jvm.dll+0x860bd3]
V  [jvm.dll+0x27e6b6]
V  [jvm.dll+0x6cc385]
V  [jvm.dll+0x6c078a]
V  [jvm.dll+0x35525b]
V  [jvm.dll+0x35ceb6]
V  [jvm.dll+0x3aedd6]
V  [jvm.dll+0x3af0a8]
V  [jvm.dll+0x32792c]
V  [jvm.dll+0x3279b7]
V  [jvm.dll+0x36d80c]
V  [jvm.dll+0x36bfbe]
V  [jvm.dll+0x327081]
V  [jvm.dll+0x36b6d0]
V  [jvm.dll+0x866958]
V  [jvm.dll+0x867cd4]
V  [jvm.dll+0x868210]
V  [jvm.dll+0x8684a3]
V  [jvm.dll+0x806368]
V  [jvm.dll+0x6ce3fd]
C  [ucrtbase.dll+0x29333]
C  [KERNEL32.DLL+0x1259d]
C  [ntdll.dll+0x5af58]

VM_Operation (0x000000e929cfb440): G1CollectForAllocation, mode: safepoint, requested by thread 0x000002a983163d60


---------------  P R O C E S S  ---------------

Threads class SMR info:
_java_thread_list=0x000002a9a122d8d0, length=12, elements={
0x000002a983163d60, 0x000002a9a105fe30, 0x000002a9a1060880, 0x000002a9a1061b30,
0x000002a9a1062580, 0x000002a9a10801c0, 0x000002a9a1085020, 0x000002a9a10661b0,
0x000002a9a1094250, 0x000002a9a12243e0, 0x000002a9a1226640, 0x000002a9a1291bb0
}

Java Threads: ( => current thread )
  0x000002a983163d60 JavaThread "main"                              [_thread_blocked, id=17972, stack(0x000000e929c00000,0x000000e929d00000) (1024K)]
  0x000002a9a105fe30 JavaThread "Reference Handler"          daemon [_thread_blocked, id=10012, stack(0x000000e92a400000,0x000000e92a500000) (1024K)]
  0x000002a9a1060880 JavaThread "Finalizer"                  daemon [_thread_blocked, id=16044, stack(0x000000e92a500000,0x000000e92a600000) (1024K)]
  0x000002a9a1061b30 JavaThread "Signal Dispatcher"          daemon [_thread_blocked, id=25336, stack(0x000000e92a600000,0x000000e92a700000) (1024K)]
  0x000002a9a1062580 JavaThread "Attach Listener"            daemon [_thread_blocked, id=13500, stack(0x000000e92a700000,0x000000e92a800000) (1024K)]
  0x000002a9a10801c0 JavaThread "Service Thread"             daemon [_thread_blocked, id=7216, stack(0x000000e92a800000,0x000000e92a900000) (1024K)]
  0x000002a9a1085020 JavaThread "Monitor Deflation Thread"   daemon [_thread_blocked, id=12264, stack(0x000000e92a900000,0x000000e92aa00000) (1024K)]
  0x000002a9a10661b0 JavaThread "C2 CompilerThread0"         daemon [_thread_blocked, id=28208, stack(0x000000e92aa00000,0x000000e92ab00000) (1024K)]
  0x000002a9a1094250 JavaThread "C1 CompilerThread0"         daemon [_thread_blocked, id=29116, stack(0x000000e92ab00000,0x000000e92ac00000) (1024K)]
  0x000002a9a12243e0 JavaThread "Notification Thread"        daemon [_thread_blocked, id=23812, stack(0x000000e92ac00000,0x000000e92ad00000) (1024K)]
  0x000002a9a1226640 JavaThread "Common-Cleaner"             daemon [_thread_blocked, id=22924, stack(0x000000e92ad00000,0x000000e92ae00000) (1024K)]
  0x000002a9a1291bb0 JavaThread "C2 CompilerThread1"         daemon [_thread_blocked, id=26680, stack(0x000000e92ae00000,0x000000e92af00000) (1024K)]
Total: 12

Other Threads:
=>0x000002a99cc32a40 VMThread "VM Thread"                           [id=1332, stack(0x000000e92a300000,0x000000e92a400000) (1024K)]
  0x000002a99cc246f0 WatcherThread "VM Periodic Task Thread"        [id=16804, stack(0x000000e92a200000,0x000000e92a300000) (1024K)]
  0x000002a98548cdc0 WorkerThread "GC Thread#0"                     [id=10076, stack(0x000000e929d00000,0x000000e929e00000) (1024K)]
  0x000002a99cc31bc0 WorkerThread "GC Thread#1"                     [id=18968, stack(0x000000e92af00000,0x000000e92b000000) (1024K)]
  0x000002a99cc326a0 WorkerThread "GC Thread#2"                     [id=1316, stack(0x000000e92b000000,0x000000e92b100000) (1024K)]
  0x000002a99cc31f60 WorkerThread "GC Thread#3"                     [id=29516, stack(0x000000e92b100000,0x000000e92b200000) (1024K)]
  0x000002a9a1a164a0 WorkerThread "GC Thread#4"                     [id=5296, stack(0x000000e92b200000,0x000000e92b300000) (1024K)]
  0x000002a9a1a14060 WorkerThread "GC Thread#5"                     [id=16992, stack(0x000000e92b300000,0x000000e92b400000) (1024K)]
  0x000002a9a1a14400 WorkerThread "GC Thread#6"                     [id=17712, stack(0x000000e92b400000,0x000000e92b500000) (1024K)]
  0x000002a9a1a16100 WorkerThread "GC Thread#7"                     [id=26936, stack(0x000000e92b500000,0x000000e92b600000) (1024K)]
  0x000002a9a1a16f80 WorkerThread "GC Thread#8"                     [id=29456, stack(0x000000e92b800000,0x000000e92b900000) (1024K)]
  0x000002a9a1a17a60 WorkerThread "GC Thread#9"                     [id=22888, stack(0x000000e92b900000,0x000000e92ba00000) (1024K)]
  0x000002a98549cc10 ConcurrentGCThread "G1 Main Marker"            [id=20968, stack(0x000000e929e00000,0x000000e929f00000) (1024K)]
  0x000002a98549e6c0 WorkerThread "G1 Conc#0"                       [id=17520, stack(0x000000e929f00000,0x000000e92a000000) (1024K)]
  0x000002a9a1a16840 WorkerThread "G1 Conc#1"                       [id=7864, stack(0x000000e92b600000,0x000000e92b700000) (1024K)]
  0x000002a9a1a16be0 WorkerThread "G1 Conc#2"                       [id=21460, stack(0x000000e92b700000,0x000000e92b800000) (1024K)]
  0x000002a9854fe530 ConcurrentGCThread "G1 Refine#0"               [id=23340, stack(0x000000e92a000000,0x000000e92a100000) (1024K)]
  0x000002a99caf32e0 ConcurrentGCThread "G1 Service"                [id=3016, stack(0x000000e92a100000,0x000000e92a200000) (1024K)]
Total: 18

Threads with active compile tasks:
C2 CompilerThread0  2612 4929       4       java.lang.invoke.MethodType::methodType (69 bytes)
C2 CompilerThread1  2612 4985       4       org.jetbrains.kotlin.com.intellij.openapi.util.io.FileUtilRt::getExtension (45 bytes)
Total: 2

VM state: at safepoint (normal execution)

VM Mutex/Monitor currently owned by a thread:  ([mutex/lock_event])
[0x00007fffecb6d360] Threads_lock - owner thread: 0x000002a99cc32a40
[0x00007fffecb6d460] Heap_lock - owner thread: 0x000002a983163d60

Heap address: 0x0000000089800000, size: 1896 MB, Compressed Oops mode: 32-bit

CDS archive(s) not mapped
Compressed class space mapped at: 0x0000000100000000-0x0000000140000000, reserved size: 1073741824
Narrow klass base: 0x0000000000000000, Narrow klass shift: 3, Narrow klass range: 0x140000000

GC Precious Log:
 CardTable entry size: 512
 Card Set container configuration: InlinePtr #cards 5 size 8 Array Of Cards #cards 12 size 40 Howl #buckets 4 coarsen threshold 1843 Howl Bitmap #cards 512 size 80 coarsen threshold 460 Card regions per heap region 1 cards per card region 2048
 CPUs: 12 total, 12 available
 Memory: 7583M
 Large Page Support: Disabled
 NUMA Support: Disabled
 Compressed Oops: Enabled (32-bit)
 Heap Region Size: 1M
 Heap Min Capacity: 8M
 Heap Initial Capacity: 120M
 Heap Max Capacity: 1896M
 Pre-touch: Disabled
 Parallel Workers: 10
 Concurrent Workers: 3
 Concurrent Refinement Workers: 10
 Periodic GC: Disabled

Heap:
 garbage-first heap   total 66560K, used 46955K [0x0000000089800000, 0x0000000100000000)
  region size 1024K, 2 young (2048K), 2 survivors (2048K)
 Metaspace       used 56349K, committed 56704K, reserved 1114112K
  class space    used 6427K, committed 6592K, reserved 1048576K

Heap Regions: E=young(eden), S=young(survivor), O=old, HS=humongous(starts), HC=humongous(continues), CS=collection set, F=free, TAMS=top-at-mark-start, PB=parsable bottom
|   0|0x0000000089800000, 0x0000000089900000, 0x0000000089900000|100%|HS|  |TAMS 0x0000000089900000| PB 0x0000000089800000| Complete 
|   1|0x0000000089900000, 0x0000000089a00000, 0x0000000089a00000|100%|HC|  |TAMS 0x0000000089a00000| PB 0x0000000089900000| Complete 
|   2|0x0000000089a00000, 0x0000000089b00000, 0x0000000089b00000|100%|HC|  |TAMS 0x0000000089b00000| PB 0x0000000089a00000| Complete 
|   3|0x0000000089b00000, 0x0000000089c00000, 0x0000000089c00000|100%| O|  |TAMS 0x0000000089c00000| PB 0x0000000089b00000| Untracked 
|   4|0x0000000089c00000, 0x0000000089d00000, 0x0000000089d00000|100%| O|  |TAMS 0x0000000089d00000| PB 0x0000000089c00000| Untracked 
|   5|0x0000000089d00000, 0x0000000089e00000, 0x0000000089e00000|100%| O|  |TAMS 0x0000000089e00000| PB 0x0000000089d00000| Untracked 
|   6|0x0000000089e00000, 0x0000000089f00000, 0x0000000089f00000|100%| O|  |TAMS 0x0000000089f00000| PB 0x0000000089e00000| Untracked 
|   7|0x0000000089f00000, 0x000000008a000000, 0x000000008a000000|100%| O|  |TAMS 0x000000008a000000| PB 0x0000000089f00000| Untracked 
|   8|0x000000008a000000, 0x000000008a100000, 0x000000008a100000|100%| O|  |TAMS 0x000000008a100000| PB 0x000000008a000000| Untracked 
|   9|0x000000008a100000, 0x000000008a200000, 0x000000008a200000|100%| O|  |TAMS 0x000000008a200000| PB 0x000000008a100000| Untracked 
|  10|0x000000008a200000, 0x000000008a300000, 0x000000008a300000|100%| O|  |TAMS 0x000000008a300000| PB 0x000000008a200000| Untracked 
|  11|0x000000008a300000, 0x000000008a400000, 0x000000008a400000|100%| O|  |TAMS 0x000000008a400000| PB 0x000000008a300000| Untracked 
|  12|0x000000008a400000, 0x000000008a500000, 0x000000008a500000|100%| O|  |TAMS 0x000000008a500000| PB 0x000000008a400000| Untracked 
|  13|0x000000008a500000, 0x000000008a600000, 0x000000008a600000|100%| O|  |TAMS 0x000000008a600000| PB 0x000000008a500000| Untracked 
|  14|0x000000008a600000, 0x000000008a700000, 0x000000008a700000|100%| O|  |TAMS 0x000000008a700000| PB 0x000000008a600000| Untracked 
|  15|0x000000008a700000, 0x000000008a800000, 0x000000008a800000|100%| O|  |TAMS 0x000000008a800000| PB 0x000000008a700000| Untracked 
|  16|0x000000008a800000, 0x000000008a900000, 0x000000008a900000|100%| O|  |TAMS 0x000000008a900000| PB 0x000000008a800000| Untracked 
|  17|0x000000008a900000, 0x000000008aa00000, 0x000000008aa00000|100%|HS|  |TAMS 0x000000008aa00000| PB 0x000000008a900000| Complete 
|  18|0x000000008aa00000, 0x000000008ab00000, 0x000000008ab00000|100%| O|  |TAMS 0x000000008ab00000| PB 0x000000008aa00000| Untracked 
|  19|0x000000008ab00000, 0x000000008ac00000, 0x000000008ac00000|100%| O|  |TAMS 0x000000008ac00000| PB 0x000000008ab00000| Untracked 
|  20|0x000000008ac00000, 0x000000008ad00000, 0x000000008ad00000|100%| O|  |TAMS 0x000000008ad00000| PB 0x000000008ac00000| Untracked 
|  21|0x000000008ad00000, 0x000000008ae00000, 0x000000008ae00000|100%| O|  |TAMS 0x000000008ae00000| PB 0x000000008ad00000| Untracked 
|  22|0x000000008ae00000, 0x000000008af00000, 0x000000008af00000|100%| O|  |TAMS 0x000000008af00000| PB 0x000000008ae00000| Untracked 
|  23|0x000000008af00000, 0x000000008b000000, 0x000000008b000000|100%| O|  |TAMS 0x000000008b000000| PB 0x000000008af00000| Untracked 
|  24|0x000000008b000000, 0x000000008b100000, 0x000000008b100000|100%| O|  |TAMS 0x000000008b100000| PB 0x000000008b000000| Untracked 
|  25|0x000000008b100000, 0x000000008b200000, 0x000000008b200000|100%| O|  |TAMS 0x000000008b200000| PB 0x000000008b100000| Untracked 
|  26|0x000000008b200000, 0x000000008b300000, 0x000000008b300000|100%| O|  |TAMS 0x000000008b300000| PB 0x000000008b200000| Untracked 
|  27|0x000000008b300000, 0x000000008b400000, 0x000000008b400000|100%| O|  |TAMS 0x000000008b400000| PB 0x000000008b300000| Untracked 
|  28|0x000000008b400000, 0x000000008b500000, 0x000000008b500000|100%| O|  |TAMS 0x000000008b500000| PB 0x000000008b400000| Untracked 
|  29|0x000000008b500000, 0x000000008b600000, 0x000000008b600000|100%| O|  |TAMS 0x000000008b600000| PB 0x000000008b500000| Untracked 
|  30|0x000000008b600000, 0x000000008b700000, 0x000000008b700000|100%| O|  |TAMS 0x000000008b700000| PB 0x000000008b600000| Untracked 
|  31|0x000000008b700000, 0x000000008b800000, 0x000000008b800000|100%| O|  |TAMS 0x000000008b800000| PB 0x000000008b700000| Untracked 
|  32|0x000000008b800000, 0x000000008b900000, 0x000000008b900000|100%| O|  |TAMS 0x000000008b900000| PB 0x000000008b800000| Untracked 
|  33|0x000000008b900000, 0x000000008ba00000, 0x000000008ba00000|100%| O|  |TAMS 0x000000008ba00000| PB 0x000000008b900000| Untracked 
|  34|0x000000008ba00000, 0x000000008bb00000, 0x000000008bb00000|100%| O|  |TAMS 0x000000008bb00000| PB 0x000000008ba00000| Untracked 
|  35|0x000000008bb00000, 0x000000008bc00000, 0x000000008bc00000|100%| O|  |TAMS 0x000000008bc00000| PB 0x000000008bb00000| Untracked 
|  36|0x000000008bc00000, 0x000000008bd00000, 0x000000008bd00000|100%| O|  |TAMS 0x000000008bd00000| PB 0x000000008bc00000| Untracked 
|  37|0x000000008bd00000, 0x000000008be00000, 0x000000008be00000|100%| O|  |TAMS 0x000000008be00000| PB 0x000000008bd00000| Untracked 
|  38|0x000000008be00000, 0x000000008bf00000, 0x000000008bf00000|100%| O|  |TAMS 0x000000008bf00000| PB 0x000000008be00000| Untracked 
|  39|0x000000008bf00000, 0x000000008c000000, 0x000000008c000000|100%| O|  |TAMS 0x000000008c000000| PB 0x000000008bf00000| Untracked 
|  40|0x000000008c000000, 0x000000008c100000, 0x000000008c100000|100%| O|  |TAMS 0x000000008c100000| PB 0x000000008c000000| Untracked 
|  41|0x000000008c100000, 0x000000008c200000, 0x000000008c200000|100%| O|  |TAMS 0x000000008c174430| PB 0x000000008c100000| Untracked 
|  42|0x000000008c200000, 0x000000008c300000, 0x000000008c300000|100%| O|  |TAMS 0x000000008c200000| PB 0x000000008c200000| Untracked 
|  43|0x000000008c300000, 0x000000008c3a5ab0, 0x000000008c400000| 64%| O|  |TAMS 0x000000008c300000| PB 0x000000008c300000| Untracked 
|  44|0x000000008c400000, 0x000000008c400000, 0x000000008c500000|  0%| F|  |TAMS 0x000000008c400000| PB 0x000000008c400000| Untracked 
|  45|0x000000008c500000, 0x000000008c500000, 0x000000008c600000|  0%| F|  |TAMS 0x000000008c500000| PB 0x000000008c500000| Untracked 
|  46|0x000000008c600000, 0x000000008c600000, 0x000000008c700000|  0%| F|  |TAMS 0x000000008c600000| PB 0x000000008c600000| Untracked 
|  47|0x000000008c700000, 0x000000008c700000, 0x000000008c800000|  0%| F|  |TAMS 0x000000008c700000| PB 0x000000008c700000| Untracked 
|  48|0x000000008c800000, 0x000000008c800000, 0x000000008c900000|  0%| F|  |TAMS 0x000000008c800000| PB 0x000000008c800000| Untracked 
|  49|0x000000008c900000, 0x000000008c900000, 0x000000008ca00000|  0%| F|  |TAMS 0x000000008c900000| PB 0x000000008c900000| Untracked 
|  50|0x000000008ca00000, 0x000000008ca00000, 0x000000008cb00000|  0%| F|  |TAMS 0x000000008ca00000| PB 0x000000008ca00000| Untracked 
|  51|0x000000008cb00000, 0x000000008cb352c8, 0x000000008cc00000| 20%| S|CS|TAMS 0x000000008cb00000| PB 0x000000008cb00000| Complete 
|  52|0x000000008cc00000, 0x000000008cd00000, 0x000000008cd00000|100%| S|CS|TAMS 0x000000008cc00000| PB 0x000000008cc00000| Complete 
|  53|0x000000008cd00000, 0x000000008cd00000, 0x000000008ce00000|  0%| F|  |TAMS 0x000000008cd00000| PB 0x000000008cd00000| Untracked 
|  54|0x000000008ce00000, 0x000000008ce00000, 0x000000008cf00000|  0%| F|  |TAMS 0x000000008ce00000| PB 0x000000008ce00000| Untracked 
|  55|0x000000008cf00000, 0x000000008cf00000, 0x000000008d000000|  0%| F|  |TAMS 0x000000008cf00000| PB 0x000000008cf00000| Untracked 
|  56|0x000000008d000000, 0x000000008d000000, 0x000000008d100000|  0%| F|  |TAMS 0x000000008d000000| PB 0x000000008d000000| Untracked 
|  57|0x000000008d100000, 0x000000008d100000, 0x000000008d200000|  0%| F|  |TAMS 0x000000008d100000| PB 0x000000008d100000| Untracked 
|  58|0x000000008d200000, 0x000000008d200000, 0x000000008d300000|  0%| F|  |TAMS 0x000000008d200000| PB 0x000000008d200000| Untracked 
|  59|0x000000008d300000, 0x000000008d300000, 0x000000008d400000|  0%| F|  |TAMS 0x000000008d300000| PB 0x000000008d300000| Untracked 
|  93|0x000000008f500000, 0x000000008f500000, 0x000000008f600000|  0%| F|  |TAMS 0x000000008f500000| PB 0x000000008f500000| Untracked 
|  97|0x000000008f900000, 0x000000008f900000, 0x000000008fa00000|  0%| F|  |TAMS 0x000000008f900000| PB 0x000000008f900000| Untracked 
| 119|0x0000000090f00000, 0x0000000090f00000, 0x0000000091000000|  0%| F|  |TAMS 0x0000000090f00000| PB 0x0000000090f00000| Untracked 
|1894|0x00000000ffe00000, 0x00000000ffe00000, 0x00000000fff00000|  0%| F|  |TAMS 0x00000000ffe00000| PB 0x00000000ffe00000| Untracked 
|1895|0x00000000fff00000, 0x0000000100000000, 0x0000000100000000|100%| O|  |TAMS 0x0000000100000000| PB 0x00000000fff00000| Untracked 

Card table byte_map: [0x000002a997eb0000,0x000002a998270000] _byte_map_base: 0x000002a997a64000

Marking Bits: (CMBitMap*) 0x000002a98548d4c0
 Bits: [0x000002a998270000, 0x000002a99a010000)

Polling page: 0x000002a984c00000

Metaspace:

Usage:
  Non-class:     48.75 MB used.
      Class:      6.28 MB used.
       Both:     55.03 MB used.

Virtual space:
  Non-class space:       64.00 MB reserved,      48.94 MB ( 76%) committed,  1 nodes.
      Class space:        1.00 GB reserved,       6.44 MB ( <1%) committed,  1 nodes.
             Both:        1.06 GB reserved,      55.38 MB (  5%) committed. 

Chunk freelists:
   Non-Class:  14.70 MB
       Class:  9.53 MB
        Both:  24.23 MB

MaxMetaspaceSize: unlimited
CompressedClassSpaceSize: 1.00 GB
Initial GC threshold: 21.00 MB
Current GC threshold: 85.56 MB
CDS: off
 - commit_granule_bytes: 65536.
 - commit_granule_words: 8192.
 - virtual_space_node_default_size: 8388608.
 - enlarge_chunks_in_place: 1.
 - use_allocation_guard: 0.


Internal statistics:

num_allocs_failed_limit: 6.
num_arena_births: 298.
num_arena_deaths: 0.
num_vsnodes_births: 2.
num_vsnodes_deaths: 0.
num_space_committed: 886.
num_space_uncommitted: 0.
num_chunks_returned_to_freelist: 6.
num_chunks_taken_from_freelist: 1994.
num_chunk_merges: 6.
num_chunk_splits: 1629.
num_chunks_enlarged: 1478.
num_inconsistent_stats: 0.

CodeHeap 'non-profiled nmethods': size=120000Kb used=2234Kb max_used=2234Kb free=117765Kb
 bounds [0x000002a990060000, 0x000002a9902d0000, 0x000002a997590000]
CodeHeap 'profiled nmethods': size=120000Kb used=10254Kb max_used=10254Kb free=109746Kb
 bounds [0x000002a988590000, 0x000002a988fa0000, 0x000002a98fac0000]
CodeHeap 'non-nmethods': size=5760Kb used=1628Kb max_used=1637Kb free=4131Kb
 bounds [0x000002a98fac0000, 0x000002a98fd30000, 0x000002a990060000]
 total_blobs=5412 nmethods=4730 adapters=585
 compilation: enabled
              stopped_count=0, restarted_count=0
 full_count=0

Compilation events (20 events):
Event: 2.579 Thread 0x000002a9a1094250 4990       3       org.jetbrains.kotlin.cli.jvm.index.JvmDependenciesIndexImpl::traverseDirectoriesInPackage$lambda$6$lambda$5 (39 bytes)
Event: 2.580 Thread 0x000002a9a1094250 nmethod 4990 0x000002a988f90d10 code [0x000002a988f90fc0, 0x000002a988f91bc8]
Event: 2.580 Thread 0x000002a9a1094250 4991       1       org.jetbrains.kotlin.fir.declarations.impl.FirPropertyImpl::getDelegate (5 bytes)
Event: 2.580 Thread 0x000002a9a1094250 nmethod 4991 0x000002a99028d690 code [0x000002a99028d820, 0x000002a99028d8e8]
Event: 2.581 Thread 0x000002a9a1094250 4992       1       org.jetbrains.kotlin.fir.declarations.impl.FirPropertyAccessorImpl::getValueParameters (5 bytes)
Event: 2.581 Thread 0x000002a9a1094250 nmethod 4992 0x000002a99028d990 code [0x000002a99028db20, 0x000002a99028dbe8]
Event: 2.581 Thread 0x000002a9a1094250 4993       1       org.jetbrains.kotlin.fir.expressions.impl.FirBlockImpl::getStatements (5 bytes)
Event: 2.581 Thread 0x000002a9a1094250 nmethod 4993 0x000002a99028dc90 code [0x000002a99028de20, 0x000002a99028dee8]
Event: 2.581 Thread 0x000002a9a1094250 4995       3       org.jetbrains.kotlin.fir.analysis.cfa.util.PropertyDeclarationCollector::visitElement (18 bytes)
Event: 2.582 Thread 0x000002a9a1094250 nmethod 4995 0x000002a988f92010 code [0x000002a988f92240, 0x000002a988f928b8]
Event: 2.582 Thread 0x000002a9a1094250 4996       3       org.jetbrains.kotlin.fir.analysis.cfa.util.PropertyDeclarationCollector::visitElement (13 bytes)
Event: 2.582 Thread 0x000002a9a1094250 nmethod 4996 0x000002a988f92b10 code [0x000002a988f92d60, 0x000002a988f93548]
Event: 2.582 Thread 0x000002a9a1094250 4997       1       org.jetbrains.kotlin.fir.expressions.impl.FirFunctionCallImpl::getExtensionReceiver (5 bytes)
Event: 2.582 Thread 0x000002a9a1094250 nmethod 4997 0x000002a99028df90 code [0x000002a99028e120, 0x000002a99028e1e8]
Event: 2.582 Thread 0x000002a9a1094250 4994       1       org.jetbrains.kotlin.fir.expressions.impl.FirPropertyAccessExpressionImpl::getContextReceiverArguments-5e3fPpI (5 bytes)
Event: 2.582 Thread 0x000002a9a1094250 nmethod 4994 0x000002a99028e290 code [0x000002a99028e420, 0x000002a99028e4e8]
Event: 2.582 Thread 0x000002a9a1094250 4998       1       org.jetbrains.kotlin.fir.expressions.impl.FirFunctionCallImpl::getAnnotations-5e3fPpI (5 bytes)
Event: 2.582 Thread 0x000002a9a1094250 nmethod 4998 0x000002a99028e590 code [0x000002a99028e720, 0x000002a99028e7e8]
Event: 2.582 Thread 0x000002a9a1094250 4999       1       org.jetbrains.kotlin.fir.expressions.impl.FirThisReceiverExpressionImpl::getContextReceiverArguments-5e3fPpI (5 bytes)
Event: 2.582 Thread 0x000002a9a1094250 nmethod 4999 0x000002a99028e890 code [0x000002a99028ea20, 0x000002a99028eae8]

GC Heap History (20 events):
Event: 0.841 GC heap after
{Heap after GC invocations=5 (full 0):
 garbage-first heap   total 37888K, used 14091K [0x0000000089800000, 0x0000000100000000)
  region size 1024K, 1 young (1024K), 1 survivors (1024K)
 Metaspace       used 28854K, committed 29056K, reserved 1114112K
  class space    used 3055K, committed 3136K, reserved 1048576K
}
Event: 1.020 GC heap before
{Heap before GC invocations=5 (full 0):
 garbage-first heap   total 37888K, used 29451K [0x0000000089800000, 0x0000000100000000)
  region size 1024K, 17 young (17408K), 1 survivors (1024K)
 Metaspace       used 33718K, committed 33984K, reserved 1114112K
  class space    used 4071K, committed 4160K, reserved 1048576K
}
Event: 1.023 GC heap after
{Heap after GC invocations=6 (full 0):
 garbage-first heap   total 49152K, used 15479K [0x0000000089800000, 0x0000000100000000)
  region size 1024K, 3 young (3072K), 3 survivors (3072K)
 Metaspace       used 33718K, committed 33984K, reserved 1114112K
  class space    used 4071K, committed 4160K, reserved 1048576K
}
Event: 1.092 GC heap before
{Heap before GC invocations=6 (full 0):
 garbage-first heap   total 49152K, used 24695K [0x0000000089800000, 0x0000000100000000)
  region size 1024K, 13 young (13312K), 3 survivors (3072K)
 Metaspace       used 35756K, committed 35968K, reserved 1114112K
  class space    used 4280K, committed 4352K, reserved 1048576K
}
Event: 1.095 GC heap after
{Heap after GC invocations=7 (full 0):
 garbage-first heap   total 49152K, used 15869K [0x0000000089800000, 0x0000000100000000)
  region size 1024K, 2 young (2048K), 2 survivors (2048K)
 Metaspace       used 35756K, committed 35968K, reserved 1114112K
  class space    used 4280K, committed 4352K, reserved 1048576K
}
Event: 1.319 GC heap before
{Heap before GC invocations=8 (full 0):
 garbage-first heap   total 49152K, used 39421K [0x0000000089800000, 0x0000000100000000)
  region size 1024K, 26 young (26624K), 2 survivors (2048K)
 Metaspace       used 42207K, committed 42432K, reserved 1114112K
  class space    used 4954K, committed 5056K, reserved 1048576K
}
Event: 1.323 GC heap after
{Heap after GC invocations=9 (full 0):
 garbage-first heap   total 49152K, used 17287K [0x0000000089800000, 0x0000000100000000)
  region size 1024K, 4 young (4096K), 4 survivors (4096K)
 Metaspace       used 42207K, committed 42432K, reserved 1114112K
  class space    used 4954K, committed 5056K, reserved 1048576K
}
Event: 1.591 GC heap before
{Heap before GC invocations=9 (full 0):
 garbage-first heap   total 49152K, used 39815K [0x0000000089800000, 0x0000000100000000)
  region size 1024K, 27 young (27648K), 4 survivors (4096K)
 Metaspace       used 46957K, committed 47232K, reserved 1114112K
  class space    used 5436K, committed 5568K, reserved 1048576K
}
Event: 1.599 GC heap after
{Heap after GC invocations=10 (full 0):
 garbage-first heap   total 49152K, used 19456K [0x0000000089800000, 0x0000000100000000)
  region size 1024K, 4 young (4096K), 4 survivors (4096K)
 Metaspace       used 46957K, committed 47232K, reserved 1114112K
  class space    used 5436K, committed 5568K, reserved 1048576K
}
Event: 1.792 GC heap before
{Heap before GC invocations=10 (full 0):
 garbage-first heap   total 49152K, used 41984K [0x0000000089800000, 0x0000000100000000)
  region size 1024K, 26 young (26624K), 4 survivors (4096K)
 Metaspace       used 48850K, committed 49152K, reserved 1114112K
  class space    used 5645K, committed 5824K, reserved 1048576K
}
Event: 1.804 GC heap after
{Heap after GC invocations=11 (full 0):
 garbage-first heap   total 63488K, used 25600K [0x0000000089800000, 0x0000000100000000)
  region size 1024K, 4 young (4096K), 4 survivors (4096K)
 Metaspace       used 48850K, committed 49152K, reserved 1114112K
  class space    used 5645K, committed 5824K, reserved 1048576K
}
Event: 1.933 GC heap before
{Heap before GC invocations=11 (full 0):
 garbage-first heap   total 63488K, used 51200K [0x0000000089800000, 0x0000000100000000)
  region size 1024K, 29 young (29696K), 4 survivors (4096K)
 Metaspace       used 51181K, committed 51520K, reserved 1114112K
  class space    used 5879K, committed 6016K, reserved 1048576K
}
Event: 1.947 GC heap after
{Heap after GC invocations=12 (full 0):
 garbage-first heap   total 63488K, used 33735K [0x0000000089800000, 0x0000000100000000)
  region size 1024K, 4 young (4096K), 4 survivors (4096K)
 Metaspace       used 51181K, committed 51520K, reserved 1114112K
  class space    used 5879K, committed 6016K, reserved 1048576K
}
Event: 2.061 GC heap before
{Heap before GC invocations=12 (full 0):
 garbage-first heap   total 63488K, used 51143K [0x0000000089800000, 0x0000000100000000)
  region size 1024K, 21 young (21504K), 4 survivors (4096K)
 Metaspace       used 52088K, committed 52416K, reserved 1114112K
  class space    used 5995K, committed 6144K, reserved 1048576K
}
Event: 2.070 GC heap after
{Heap after GC invocations=13 (full 0):
 garbage-first heap   total 63488K, used 39936K [0x0000000089800000, 0x0000000100000000)
  region size 1024K, 3 young (3072K), 3 survivors (3072K)
 Metaspace       used 52088K, committed 52416K, reserved 1114112K
  class space    used 5995K, committed 6144K, reserved 1048576K
}
Event: 2.247 GC heap before
{Heap before GC invocations=14 (full 0):
 garbage-first heap   total 66560K, used 53248K [0x0000000089800000, 0x0000000100000000)
  region size 1024K, 16 young (16384K), 3 survivors (3072K)
 Metaspace       used 52950K, committed 53248K, reserved 1114112K
  class space    used 6115K, committed 6272K, reserved 1048576K
}
Event: 2.256 GC heap after
{Heap after GC invocations=15 (full 0):
 garbage-first heap   total 66560K, used 43520K [0x0000000089800000, 0x0000000100000000)
  region size 1024K, 2 young (2048K), 2 survivors (2048K)
 Metaspace       used 52950K, committed 53248K, reserved 1114112K
  class space    used 6115K, committed 6272K, reserved 1048576K
}
Event: 2.410 GC heap before
{Heap before GC invocations=15 (full 0):
 garbage-first heap   total 66560K, used 55808K [0x0000000089800000, 0x0000000100000000)
  region size 1024K, 14 young (14336K), 2 survivors (2048K)
 Metaspace       used 53673K, committed 54016K, reserved 1114112K
  class space    used 6169K, committed 6336K, reserved 1048576K
}
Event: 2.416 GC heap after
{Heap after GC invocations=16 (full 0):
 garbage-first heap   total 66560K, used 45521K [0x0000000089800000, 0x0000000100000000)
  region size 1024K, 2 young (2048K), 2 survivors (2048K)
 Metaspace       used 53673K, committed 54016K, reserved 1114112K
  class space    used 6169K, committed 6336K, reserved 1048576K
}
Event: 2.585 GC heap before
{Heap before GC invocations=16 (full 0):
 garbage-first heap   total 66560K, used 55761K [0x0000000089800000, 0x0000000100000000)
  region size 1024K, 13 young (13312K), 2 survivors (2048K)
 Metaspace       used 56349K, committed 56704K, reserved 1114112K
  class space    used 6427K, committed 6592K, reserved 1048576K
}

Dll operation events (3 events):
Event: 0.005 Loaded shared library D:\Android\Android Studio2\jbr\bin\java.dll
Event: 0.008 Loaded shared library D:\Android\Android Studio2\jbr\bin\zip.dll
Event: 0.715 Loaded shared library D:\Android\Android Studio2\jbr\bin\verify.dll

Deoptimization events (20 events):
Event: 2.570 Thread 0x000002a983163d60 Uncommon trap: trap_request=0xffffffde fr.pc=0x000002a9901a8cf4 relative=0x0000000000000974
Event: 2.570 Thread 0x000002a983163d60 Uncommon trap: reason=class_check action=maybe_recompile pc=0x000002a9901a8cf4 method=org.jetbrains.kotlin.com.intellij.openapi.vfs.VirtualFile.getExtension()Ljava/lang/String; @ 1 c2
Event: 2.570 Thread 0x000002a983163d60 DEOPT PACKING pc=0x000002a9901a8cf4 sp=0x000000e929cfc370
Event: 2.570 Thread 0x000002a983163d60 DEOPT UNPACKING pc=0x000002a98fb146a2 sp=0x000000e929cfc358 mode 2
Event: 2.570 Thread 0x000002a983163d60 Uncommon trap: trap_request=0xffffffde fr.pc=0x000002a9901a9e14 relative=0x00000000000002d4
Event: 2.570 Thread 0x000002a983163d60 Uncommon trap: reason=class_check action=maybe_recompile pc=0x000002a9901a9e14 method=org.jetbrains.kotlin.com.intellij.openapi.util.io.FileUtilRt.getExtension(Ljava/lang/CharSequence;Ljava/lang/String;)Ljava/lang/CharSequence; @ 14 c2
Event: 2.570 Thread 0x000002a983163d60 DEOPT PACKING pc=0x000002a9901a9e14 sp=0x000000e929cfc320
Event: 2.570 Thread 0x000002a983163d60 DEOPT UNPACKING pc=0x000002a98fb146a2 sp=0x000000e929cfc2d0 mode 2
Event: 2.570 Thread 0x000002a983163d60 Uncommon trap: trap_request=0xffffffde fr.pc=0x000002a990173118 relative=0x00000000000001f8
Event: 2.570 Thread 0x000002a983163d60 Uncommon trap: reason=class_check action=maybe_recompile pc=0x000002a990173118 method=org.jetbrains.kotlin.com.intellij.openapi.util.text.StringUtilRt.lastIndexOf(Ljava/lang/CharSequence;CII)I @ 17 c2
Event: 2.570 Thread 0x000002a983163d60 DEOPT PACKING pc=0x000002a990173118 sp=0x000000e929cfc2c0
Event: 2.570 Thread 0x000002a983163d60 DEOPT UNPACKING pc=0x000002a98fb146a2 sp=0x000000e929cfc260 mode 2
Event: 2.578 Thread 0x000002a983163d60 Uncommon trap: trap_request=0xffffffde fr.pc=0x000002a9902219ec relative=0x00000000000001cc
Event: 2.578 Thread 0x000002a983163d60 Uncommon trap: reason=class_check action=maybe_recompile pc=0x000002a9902219ec method=org.jetbrains.kotlin.name.FqName.equals(Ljava/lang/Object;)Z @ 8 c2
Event: 2.578 Thread 0x000002a983163d60 DEOPT PACKING pc=0x000002a9902219ec sp=0x000000e929cfde40
Event: 2.578 Thread 0x000002a983163d60 DEOPT UNPACKING pc=0x000002a98fb146a2 sp=0x000000e929cfddc8 mode 2
Event: 2.579 Thread 0x000002a983163d60 Uncommon trap: trap_request=0xffffffde fr.pc=0x000002a9902219ec relative=0x00000000000001cc
Event: 2.579 Thread 0x000002a983163d60 Uncommon trap: reason=class_check action=maybe_recompile pc=0x000002a9902219ec method=org.jetbrains.kotlin.name.FqName.equals(Ljava/lang/Object;)Z @ 8 c2
Event: 2.579 Thread 0x000002a983163d60 DEOPT PACKING pc=0x000002a9902219ec sp=0x000000e929cfde40
Event: 2.579 Thread 0x000002a983163d60 DEOPT UNPACKING pc=0x000002a98fb146a2 sp=0x000000e929cfddc8 mode 2

Classes loaded (20 events):
Event: 1.887 Loading class java/util/AbstractList$SubList done
Event: 1.887 Loading class java/util/AbstractList$RandomAccessSubList done
Event: 2.000 Loading class java/util/AbstractList$SubList$1
Event: 2.000 Loading class java/util/AbstractList$SubList$1 done
Event: 2.059 Loading class java/util/AbstractMap$SimpleImmutableEntry
Event: 2.059 Loading class java/util/AbstractMap$SimpleImmutableEntry done
Event: 2.190 Loading class java/util/RegularEnumSet$EnumSetIterator
Event: 2.190 Loading class java/util/RegularEnumSet$EnumSetIterator done
Event: 2.293 Loading class java/lang/Byte$ByteCache
Event: 2.293 Loading class java/lang/Byte$ByteCache done
Event: 2.506 Loading class java/text/MessageFormat
Event: 2.507 Loading class java/text/Format
Event: 2.507 Loading class java/text/Format done
Event: 2.507 Loading class java/text/MessageFormat done
Event: 2.507 Loading class java/util/Locale$Category
Event: 2.507 Loading class java/util/Locale$Category done
Event: 2.538 Loading class java/text/ChoiceFormat
Event: 2.538 Loading class java/text/NumberFormat
Event: 2.539 Loading class java/text/NumberFormat done
Event: 2.539 Loading class java/text/ChoiceFormat done

Classes unloaded (0 events):
No events

Classes redefined (0 events):
No events

Internal exceptions (20 events):
Event: 1.263 Thread 0x000002a983163d60 Exception <a 'java/lang/NoSuchMethodError'{0x000000008b486900}: 'int java.lang.invoke.DirectMethodHandle$Holder.invokeStaticInit(java.lang.Object, int)'> (0x000000008b486900) 
thrown [s\src\hotspot\share\interpreter\linkResolver.cpp, line 784]
Event: 1.392 Thread 0x000002a983163d60 Exception <a 'java/lang/NoSuchMethodError'{0x000000008c06f890}: 'java.lang.Object java.lang.invoke.DirectMethodHandle$Holder.newInvokeSpecial(java.lang.Object, java.lang.Object, java.lang.Object, int, java.lang.Object)'> (0x000000008c06f890) 
thrown [s\src\hotspot\share\interpreter\linkResolver.cpp, line 784]
Event: 1.531 Thread 0x000002a983163d60 Implicit null exception at 0x000002a9900f153f to 0x000002a9900f198c
Event: 1.822 Thread 0x000002a983163d60 Exception <a 'java/lang/NoSuchMethodError'{0x000000008f9e4918}: 'java.lang.Object java.lang.invoke.DirectMethodHandle$Holder.newInvokeSpecial(java.lang.Object, java.lang.Object, java.lang.Object, java.lang.Object, java.lang.Object, java.lang.Object, java.lang.Object, java.lang.Object, java.lang.Object)'> (0x000000008f9e4918) 
thrown [s\src\hotspot\share\interpreter\linkResolver.cpp, line 784]
Event: 1.851 Thread 0x000002a983163d60 Exception <a 'java/lang/NoSuchMethodError'{0x000000008cf6c4f8}: 'java.lang.Object java.lang.invoke.DirectMethodHandle$Holder.newInvokeSpecial(java.lang.Object, java.lang.Object, java.lang.Object, int)'> (0x000000008cf6c4f8) 
thrown [s\src\hotspot\share\interpreter\linkResolver.cpp, line 784]
Event: 1.851 Thread 0x000002a983163d60 Exception <a 'java/lang/NoSuchMethodError'{0x000000008cf70438}: 'java.lang.Object java.lang.invoke.DirectMethodHandle$Holder.invokeSpecial(java.lang.Object, java.lang.Object, java.lang.Object, java.lang.Object, int)'> (0x000000008cf70438) 
thrown [s\src\hotspot\share\interpreter\linkResolver.cpp, line 784]
Event: 1.852 Thread 0x000002a983163d60 Exception <a 'java/lang/NoSuchMethodError'{0x000000008cf73b90}: 'java.lang.Object java.lang.invoke.Invokers$Holder.linkToTargetMethod(java.lang.Object, java.lang.Object, int, java.lang.Object)'> (0x000000008cf73b90) 
thrown [s\src\hotspot\share\interpreter\linkResolver.cpp, line 784]
Event: 1.853 Thread 0x000002a983163d60 Exception <a 'java/lang/NoSuchMethodError'{0x000000008cf88768}: 'java.lang.Object java.lang.invoke.DirectMethodHandle$Holder.newInvokeSpecial(java.lang.Object, int, java.lang.Object)'> (0x000000008cf88768) 
thrown [s\src\hotspot\share\interpreter\linkResolver.cpp, line 784]
Event: 1.856 Thread 0x000002a983163d60 Exception <a 'java/lang/NoSuchMethodError'{0x000000008cfc99d8}: 'java.lang.Object java.lang.invoke.DirectMethodHandle$Holder.newInvokeSpecial(java.lang.Object, java.lang.Object, java.lang.Object, java.lang.Object, int, java.lang.Object, java.lang.Object)'> (0x000000008cfc99d8) 
thrown [s\src\hotspot\share\interpreter\linkResolver.cpp, line 784]
Event: 1.857 Thread 0x000002a983163d60 Exception <a 'java/lang/NoSuchMethodError'{0x000000008cfd1bb8}: 'java.lang.Object java.lang.invoke.Invokers$Holder.linkToTargetMethod(java.lang.Object, java.lang.Object, java.lang.Object, int, java.lang.Object, java.lang.Object, java.lang.Object)'> (0x000000008cfd1bb8) 
thrown [s\src\hotspot\share\interpreter\linkResolver.cpp, line 784]
Event: 1.875 Thread 0x000002a983163d60 Exception <a 'java/lang/NoSuchMethodError'{0x000000008cd92bd0}: 'java.lang.Object java.lang.invoke.DirectMethodHandle$Holder.invokeSpecial(java.lang.Object, java.lang.Object, int, java.lang.Object, java.lang.Object)'> (0x000000008cd92bd0) 
thrown [s\src\hotspot\share\interpreter\linkResolver.cpp, line 784]
Event: 1.887 Thread 0x000002a983163d60 Exception <a 'java/lang/NoSuchMethodError'{0x000000008ccc4718}: 'java.lang.Object java.lang.invoke.DirectMethodHandle$Holder.invokeStatic(java.lang.Object, int, java.lang.Object, java.lang.Object)'> (0x000000008ccc4718) 
thrown [s\src\hotspot\share\interpreter\linkResolver.cpp, line 784]
Event: 2.035 Thread 0x000002a983163d60 Exception <a 'java/lang/NoSuchMethodError'{0x000000008c418098}: 'java.lang.Object java.lang.invoke.DirectMethodHandle$Holder.invokeStatic(java.lang.Object, java.lang.Object, java.lang.Object, int, java.lang.Object, java.lang.Object)'> (0x000000008c418098) 
thrown [s\src\hotspot\share\interpreter\linkResolver.cpp, line 784]
Event: 2.128 Thread 0x000002a983163d60 Exception <a 'java/lang/NoSuchMethodError'{0x000000008d3d1c08}: 'java.lang.Object java.lang.invoke.DirectMethodHandle$Holder.newInvokeSpecial(java.lang.Object, java.lang.Object, java.lang.Object, java.lang.Object, int)'> (0x000000008d3d1c08) 
thrown [s\src\hotspot\share\interpreter\linkResolver.cpp, line 784]
Event: 2.129 Thread 0x000002a983163d60 Exception <a 'java/lang/NoSuchMethodError'{0x000000008d3d6050}: 'java.lang.Object java.lang.invoke.DirectMethodHandle$Holder.invokeSpecial(java.lang.Object, java.lang.Object, java.lang.Object, java.lang.Object, java.lang.Object, int)'> (0x000000008d3d6050) 
thrown [s\src\hotspot\share\interpreter\linkResolver.cpp, line 784]
Event: 2.129 Thread 0x000002a983163d60 Exception <a 'java/lang/NoSuchMethodError'{0x000000008d3d9d90}: 'java.lang.Object java.lang.invoke.Invokers$Holder.linkToTargetMethod(java.lang.Object, java.lang.Object, java.lang.Object, int, java.lang.Object)'> (0x000000008d3d9d90) 
thrown [s\src\hotspot\share\interpreter\linkResolver.cpp, line 784]
Event: 2.240 Thread 0x000002a983163d60 Exception <a 'java/lang/NoSuchMethodError'{0x000000008cc6f338}: 'java.lang.Object java.lang.invoke.DirectMethodHandle$Holder.newInvokeSpecial(java.lang.Object, java.lang.Object, java.lang.Object, java.lang.Object, java.lang.Object, int)'> (0x000000008cc6f338) 
thrown [s\src\hotspot\share\interpreter\linkResolver.cpp, line 784]
Event: 2.240 Thread 0x000002a983163d60 Exception <a 'java/lang/NoSuchMethodError'{0x000000008cc740c0}: 'java.lang.Object java.lang.invoke.DirectMethodHandle$Holder.invokeSpecial(java.lang.Object, java.lang.Object, java.lang.Object, java.lang.Object, java.lang.Object, java.lang.Object, int)'> (0x000000008cc740c0) 
thrown [s\src\hotspot\share\interpreter\linkResolver.cpp, line 784]
Event: 2.240 Thread 0x000002a983163d60 Exception <a 'java/lang/NoSuchMethodError'{0x000000008cc78468}: 'java.lang.Object java.lang.invoke.Invokers$Holder.linkToTargetMethod(java.lang.Object, java.lang.Object, java.lang.Object, java.lang.Object, int, java.lang.Object)'> (0x000000008cc78468) 
thrown [s\src\hotspot\share\interpreter\linkResolver.cpp, line 784]
Event: 2.552 Thread 0x000002a983163d60 Implicit null exception at 0x000002a99012715a to 0x000002a990127258

ZGC Phase Switch (0 events):
No events

VM Operations (20 events):
Event: 2.180 Executing VM operation: HandshakeAllThreads (Deoptimize) done
Event: 2.224 Executing VM operation: ICBufferFull
Event: 2.224 Executing VM operation: ICBufferFull done
Event: 2.247 Executing VM operation: G1CollectForAllocation (G1 Evacuation Pause)
Event: 2.256 Executing VM operation: G1CollectForAllocation (G1 Evacuation Pause) done
Event: 2.356 Executing VM operation: ICBufferFull
Event: 2.356 Executing VM operation: ICBufferFull done
Event: 2.392 Executing VM operation: HandshakeAllThreads (Deoptimize)
Event: 2.392 Executing VM operation: HandshakeAllThreads (Deoptimize) done
Event: 2.393 Executing VM operation: HandshakeAllThreads (Deoptimize)
Event: 2.393 Executing VM operation: HandshakeAllThreads (Deoptimize) done
Event: 2.396 Executing VM operation: HandshakeAllThreads (Deoptimize)
Event: 2.396 Executing VM operation: HandshakeAllThreads (Deoptimize) done
Event: 2.410 Executing VM operation: G1CollectForAllocation (G1 Evacuation Pause)
Event: 2.416 Executing VM operation: G1CollectForAllocation (G1 Evacuation Pause) done
Event: 2.449 Executing VM operation: HandshakeAllThreads (Deoptimize)
Event: 2.449 Executing VM operation: HandshakeAllThreads (Deoptimize) done
Event: 2.585 Executing VM operation: HandshakeAllThreads (Deoptimize)
Event: 2.585 Executing VM operation: HandshakeAllThreads (Deoptimize) done
Event: 2.585 Executing VM operation: G1CollectForAllocation (G1 Evacuation Pause)

Memory protections (0 events):
No events

Nmethod flushes (20 events):
Event: 2.091 Thread 0x000002a99cc32a40 flushing  nmethod 0x000002a988761d10
Event: 2.091 Thread 0x000002a99cc32a40 flushing  nmethod 0x000002a988778c10
Event: 2.091 Thread 0x000002a99cc32a40 flushing  nmethod 0x000002a98877b690
Event: 2.091 Thread 0x000002a99cc32a40 flushing  nmethod 0x000002a98877c010
Event: 2.091 Thread 0x000002a99cc32a40 flushing  nmethod 0x000002a98877c910
Event: 2.091 Thread 0x000002a99cc32a40 flushing  nmethod 0x000002a98877f390
Event: 2.091 Thread 0x000002a99cc32a40 flushing osr nmethod 0x000002a988780390
Event: 2.091 Thread 0x000002a99cc32a40 flushing  nmethod 0x000002a988786c10
Event: 2.091 Thread 0x000002a99cc32a40 flushing  nmethod 0x000002a988787a90
Event: 2.091 Thread 0x000002a99cc32a40 flushing  nmethod 0x000002a988787e10
Event: 2.091 Thread 0x000002a99cc32a40 flushing  nmethod 0x000002a988788610
Event: 2.091 Thread 0x000002a99cc32a40 flushing  nmethod 0x000002a9887c5490
Event: 2.091 Thread 0x000002a99cc32a40 flushing  nmethod 0x000002a9887da810
Event: 2.091 Thread 0x000002a99cc32a40 flushing  nmethod 0x000002a9887dab10
Event: 2.091 Thread 0x000002a99cc32a40 flushing  nmethod 0x000002a9887ddc90
Event: 2.091 Thread 0x000002a99cc32a40 flushing  nmethod 0x000002a9887e0390
Event: 2.091 Thread 0x000002a99cc32a40 flushing  nmethod 0x000002a9887e8790
Event: 2.091 Thread 0x000002a99cc32a40 flushing  nmethod 0x000002a9887e8a90
Event: 2.091 Thread 0x000002a99cc32a40 flushing  nmethod 0x000002a988831e90
Event: 2.091 Thread 0x000002a99cc32a40 flushing  nmethod 0x000002a98883c010

Events (16 events):
Event: 0.007 Thread 0x000002a983163d60 Thread added: 0x000002a983163d60
Event: 0.035 Thread 0x000002a983163d60 Thread added: 0x000002a9a105fe30
Event: 0.035 Thread 0x000002a983163d60 Thread added: 0x000002a9a1060880
Event: 0.036 Thread 0x000002a983163d60 Thread added: 0x000002a9a1061b30
Event: 0.036 Thread 0x000002a983163d60 Thread added: 0x000002a9a1062580
Event: 0.036 Thread 0x000002a983163d60 Thread added: 0x000002a9a10801c0
Event: 0.036 Thread 0x000002a983163d60 Thread added: 0x000002a9a1085020
Event: 0.036 Thread 0x000002a983163d60 Thread added: 0x000002a9a10661b0
Event: 0.036 Thread 0x000002a983163d60 Thread added: 0x000002a9a1094250
Event: 0.057 Thread 0x000002a983163d60 Thread added: 0x000002a9a12243e0
Event: 0.060 Thread 0x000002a983163d60 Thread added: 0x000002a9a1226640
Event: 0.065 Loaded shared library D:\Android\Android Studio2\jbr\bin\net.dll
Event: 0.066 Loaded shared library D:\Android\Android Studio2\jbr\bin\nio.dll
Event: 0.076 Thread 0x000002a9a10661b0 Thread added: 0x000002a9a1291bb0
Event: 0.082 Loaded shared library D:\Android\Android Studio2\jbr\bin\zip.dll
Event: 0.099 Loaded shared library D:\Android\Android Studio2\jbr\bin\jimage.dll


Dynamic libraries:
0x00007ff7bf850000 - 0x00007ff7bf85a000 	D:\Android\Android Studio2\jbr\bin\java.exe
0x00007ff86dcb0000 - 0x00007ff86dec7000 	C:\WINDOWS\SYSTEM32\ntdll.dll
0x00007ff86c9f0000 - 0x00007ff86cab4000 	C:\WINDOWS\System32\KERNEL32.DLL
0x00007ff86af50000 - 0x00007ff86b323000 	C:\WINDOWS\System32\KERNELBASE.dll
0x00007ff86b3b0000 - 0x00007ff86b4c1000 	C:\WINDOWS\System32\ucrtbase.dll
0x00007ff8688a0000 - 0x00007ff8688b8000 	D:\Android\Android Studio2\jbr\bin\jli.dll
0x00007ff85ec80000 - 0x00007ff85ec9b000 	D:\Android\Android Studio2\jbr\bin\VCRUNTIME140.dll
0x00007ff86c750000 - 0x00007ff86c901000 	C:\WINDOWS\System32\USER32.dll
0x00007ff86b7a0000 - 0x00007ff86b7c6000 	C:\WINDOWS\System32\win32u.dll
0x00007ff86dc40000 - 0x00007ff86dc69000 	C:\WINDOWS\System32\GDI32.dll
0x00007ff858a80000 - 0x00007ff858d1b000 	C:\WINDOWS\WinSxS\amd64_microsoft.windows.common-controls_6595b64144ccf1df_6.0.22621.5262_none_2712bde373830908\COMCTL32.dll
0x00007ff86ada0000 - 0x00007ff86aec2000 	C:\WINDOWS\System32\gdi32full.dll
0x00007ff86cf40000 - 0x00007ff86cfe7000 	C:\WINDOWS\System32\msvcrt.dll
0x00007ff86b700000 - 0x00007ff86b79a000 	C:\WINDOWS\System32\msvcp_win.dll
0x00007ff86cf00000 - 0x00007ff86cf31000 	C:\WINDOWS\System32\IMM32.DLL
0x00007ff8685f0000 - 0x00007ff8685fc000 	D:\Android\Android Studio2\jbr\bin\vcruntime140_1.dll
0x00007ff833410000 - 0x00007ff83349d000 	D:\Android\Android Studio2\jbr\bin\msvcp140.dll
0x00007fffebfc0000 - 0x00007fffecc4a000 	D:\Android\Android Studio2\jbr\bin\server\jvm.dll
0x00007ff86c580000 - 0x00007ff86c631000 	C:\WINDOWS\System32\ADVAPI32.dll
0x00007ff86db90000 - 0x00007ff86dc37000 	C:\WINDOWS\System32\sechost.dll
0x00007ff86b610000 - 0x00007ff86b638000 	C:\WINDOWS\System32\bcrypt.dll
0x00007ff86cb40000 - 0x00007ff86cc54000 	C:\WINDOWS\System32\RPCRT4.dll
0x00007ff86d1d0000 - 0x00007ff86d241000 	C:\WINDOWS\System32\WS2_32.dll
0x00007ff86ac70000 - 0x00007ff86acbd000 	C:\WINDOWS\SYSTEM32\POWRPROF.dll
0x00007ff864fc0000 - 0x00007ff864ff4000 	C:\WINDOWS\SYSTEM32\WINMM.dll
0x00007ff85f320000 - 0x00007ff85f32a000 	C:\WINDOWS\SYSTEM32\VERSION.dll
0x00007ff86ac50000 - 0x00007ff86ac63000 	C:\WINDOWS\SYSTEM32\UMPDC.dll
0x00007ff869d50000 - 0x00007ff869d68000 	C:\WINDOWS\SYSTEM32\kernel.appcore.dll
0x00007ff866b10000 - 0x00007ff866b1a000 	D:\Android\Android Studio2\jbr\bin\jimage.dll
0x00007ff868640000 - 0x00007ff868872000 	C:\WINDOWS\SYSTEM32\DBGHELP.DLL
0x00007ff86b940000 - 0x00007ff86bcd3000 	C:\WINDOWS\System32\combase.dll
0x00007ff86c640000 - 0x00007ff86c717000 	C:\WINDOWS\System32\OLEAUT32.dll
0x00007ff8534f0000 - 0x00007ff853522000 	C:\WINDOWS\SYSTEM32\dbgcore.DLL
0x00007ff86aed0000 - 0x00007ff86af4b000 	C:\WINDOWS\System32\bcryptPrimitives.dll
0x00007ff85c4e0000 - 0x00007ff85c500000 	D:\Android\Android Studio2\jbr\bin\java.dll
0x00007ff857480000 - 0x00007ff857498000 	D:\Android\Android Studio2\jbr\bin\zip.dll
0x00007ff86bce0000 - 0x00007ff86c57d000 	C:\WINDOWS\System32\SHELL32.dll
0x00007ff86b4d0000 - 0x00007ff86b60f000 	C:\WINDOWS\System32\wintypes.dll
0x00007ff868c90000 - 0x00007ff8695ad000 	C:\WINDOWS\SYSTEM32\windows.storage.dll
0x00007ff86cff0000 - 0x00007ff86d0fb000 	C:\WINDOWS\System32\SHCORE.dll
0x00007ff86c910000 - 0x00007ff86c976000 	C:\WINDOWS\System32\shlwapi.dll
0x00007ff86acd0000 - 0x00007ff86acfb000 	C:\WINDOWS\SYSTEM32\profapi.dll
0x00007ff8659e0000 - 0x00007ff8659f0000 	D:\Android\Android Studio2\jbr\bin\net.dll
0x00007ff8665c0000 - 0x00007ff8666ec000 	C:\WINDOWS\SYSTEM32\WINHTTP.dll
0x00007ff86a230000 - 0x00007ff86a29a000 	C:\WINDOWS\system32\mswsock.dll
0x00007ff857460000 - 0x00007ff857476000 	D:\Android\Android Studio2\jbr\bin\nio.dll
0x00007ff860c80000 - 0x00007ff860c90000 	D:\Android\Android Studio2\jbr\bin\verify.dll

dbghelp: loaded successfully - version: 4.0.5 - missing functions: none
symbol engine: initialized successfully - sym options: 0x614 - pdb path: .;D:\Android\Android Studio2\jbr\bin;C:\WINDOWS\SYSTEM32;C:\WINDOWS\WinSxS\amd64_microsoft.windows.common-controls_6595b64144ccf1df_6.0.22621.5262_none_2712bde373830908;D:\Android\Android Studio2\jbr\bin\server

VM Arguments:
java_command: org.jetbrains.kotlin.cli.jvm.K2JVMCompiler @D:\AndroidStudioProjects\CatatanKeuanganPribadi\app\build\20250605_17683249007778103394.compiler.options
java_class_path (initial): C:\Users\USERR\.gradle\caches\modules-2\files-2.1\org.jetbrains.kotlin\kotlin-compiler-embeddable\2.0.21\79346ed53db48b18312a472602eb5c057070c54d\kotlin-compiler-embeddable-2.0.21.jar;C:\Users\USERR\.gradle\caches\modules-2\files-2.1\org.jetbrains.kotlin\kotlin-stdlib\2.0.21\618b539767b4899b4660a83006e052b63f1db551\kotlin-stdlib-2.0.21.jar;C:\Users\USERR\.gradle\caches\modules-2\files-2.1\org.jetbrains.kotlin\kotlin-script-runtime\2.0.21\c9b044380ad41f89aa89aa896c2d32a8c0b2129d\kotlin-script-runtime-2.0.21.jar;C:\Users\USERR\.gradle\caches\modules-2\files-2.1\org.jetbrains.kotlin\kotlin-reflect\1.6.10\1cbe9c92c12a94eea200d23c2bbaedaf3daf5132\kotlin-reflect-1.6.10.jar;C:\Users\USERR\.gradle\caches\modules-2\files-2.1\org.jetbrains.kotlin\kotlin-daemon-embeddable\2.0.21\c9e933b23287de9b5a17e2116b4657bb91aea72c\kotlin-daemon-embeddable-2.0.21.jar;C:\Users\USERR\.gradle\caches\modules-2\files-2.1\org.jetbrains.intellij.deps\trove4j\1.0.20200330\3afb14d5f9ceb459d724e907a21145e8ff394f02\trove4j-1.0.20200330.jar;C:\Users\USERR\.gradle\caches\modules-2\files-2.1\org.jetbrains.kotlinx\kotlinx-coroutines-core-jvm\1.6.4\2c997cd1c0ef33f3e751d3831929aeff1390cb30\kotlinx-coroutines-core-jvm-1.6.4.jar;C:\Users\USERR\.gradle\caches\modules-2\files-2.1\org.jetbrains\annotations\13.0\919f0dfe192fb4e063e7dacadee7f8bb9a2672a9\annotations-13.0.jar
Launcher Type: SUN_STANDARD

[Global flags]
     intx CICompilerCount                          = 4                                         {product} {ergonomic}
     uint ConcGCThreads                            = 3                                         {product} {ergonomic}
     uint G1ConcRefinementThreads                  = 10                                        {product} {ergonomic}
   size_t G1HeapRegionSize                         = 1048576                                   {product} {ergonomic}
    uintx GCDrainStackTargetSize                   = 64                                        {product} {ergonomic}
   size_t InitialHeapSize                          = 125829120                                 {product} {ergonomic}
   size_t MarkStackSize                            = 4194304                                   {product} {ergonomic}
   size_t MaxHeapSize                              = 1988100096                                {product} {ergonomic}
   size_t MaxNewSize                               = 1192230912                                {product} {ergonomic}
   size_t MinHeapDeltaBytes                        = 1048576                                   {product} {ergonomic}
   size_t MinHeapSize                              = 8388608                                   {product} {ergonomic}
    uintx NonNMethodCodeHeapSize                   = 5839372                                {pd product} {ergonomic}
    uintx NonProfiledCodeHeapSize                  = 122909434                              {pd product} {ergonomic}
    uintx ProfiledCodeHeapSize                     = 122909434                              {pd product} {ergonomic}
    uintx ReservedCodeCacheSize                    = 251658240                              {pd product} {ergonomic}
     bool SegmentedCodeCache                       = true                                      {product} {ergonomic}
   size_t SoftMaxHeapSize                          = 1988100096                             {manageable} {ergonomic}
     bool UseCompressedOops                        = true                           {product lp64_product} {ergonomic}
     bool UseG1GC                                  = true                                      {product} {ergonomic}
     bool UseLargePagesIndividualAllocation        = false                                  {pd product} {ergonomic}

Logging:
Log output configuration:
 #0: stdout all=warning uptime,level,tags foldmultilines=false
 #1: stderr all=off uptime,level,tags foldmultilines=false

Environment Variables:
JAVA_HOME=C:\Java\jdk1.8.0_301\bin
PATH=C:\Java\jdk1.8.0_301\bin;C:\Program Files\Java\jdk-XX\bin;C:\Program Files (x86)\Common Files\Intel\Shared Files\cpp\bin\Intel64;C:\Program Files\Common Files\Oracle\Java\javapath;C:\Python312\Scripts\;C:\Python312\;C:\WINDOWS\system32;C:\WINDOWS;C:\WINDOWS\System32\Wbem;C:\WINDOWS\System32\WindowsPowerShell\v1.0\;C:\WINDOWS\System32\OpenSSH\;C:\xampp\php;C:\ProgramData\chocolatey\bin;C:\Users\USERR\AppData\Roaming\nvm;C:\Program Files\nodejs;D:\;D:\Java\jdk-21\bin;D:\nodejs\;C:\hadoop\bin;C:\hadoop\sbin;C:\Users\USERR\AppData\Local\Microsoft\WindowsApps;AppData\Local\Programs\Microsoft VS Code\bin;AppData\Roaming\npm;USERR\AppData\Roaming\npm;USERR\AppData\Local\Programs\Microsoft VS Code\bin;C:\Users\USERR\AppData\Local\Programs\Microsoft VS Code\bin;C:\Users\USERR\AppData\Roaming\npm;C:\Java\jdk1.8.0_301\bin\bin;C:\Program Files\Git\cmd;C:\Users\USERR\AppData\Local\Microsoft\WindowsApps;AppData\Local\Programs\Microsoft VS Code\bin;AppData\Roaming\npm;C:\Users\USERR\AppData\Roaming\nvm;C:\Program Files\nodejs;USERR\AppData\Roaming\npm;USERR\AppData\Local\Programs\Microsoft VS Code\bin;C:\Users\USERR\AppData\Local\Programs\Microsoft VS Code\bin;D:\Java\jdk-21\bin;C:\Users\USERR\AppData\Roaming\npm
USERNAME=USERR
OS=Windows_NT
PROCESSOR_IDENTIFIER=AMD64 Family 25 Model 80 Stepping 0, AuthenticAMD
TMP=C:\Temp
TEMP=C:\Temp




Periodic native trim disabled

JNI global refs:
JNI global refs: 9, weak refs: 1

JNI global refs memory usage: 835, weak refs: 833

Process memory usage:
Resident Set Size: 246892K (3% of 7765964K total physical memory with 440972K free physical memory)

OOME stack traces (most recent first):
Classloader memory used:
Loader jdk.internal.loader.ClassLoaders$AppClassLoader                                 : 45785K
Loader bootstrap                                                                       : 10564K

---------------  S Y S T E M  ---------------

OS:
 Windows 11 , 64 bit Build 22621 (10.0.22621.5262)
OS uptime: 2 days 12:11 hours
Hyper-V role detected

CPU: total 12 (initial active 12) (12 cores per cpu, 2 threads per core) family 25 model 80 stepping 0 microcode 0x0, cx8, cmov, fxsr, ht, mmx, 3dnowpref, sse, sse2, sse3, ssse3, sse4a, sse4.1, sse4.2, popcnt, lzcnt, tsc, tscinvbit, avx, avx2, aes, erms, clmul, bmi1, bmi2, adx, sha, fma, vzeroupper, clflush, clflushopt, hv, rdtscp, rdpid, fsrm, f16c, cet_ss
Processor Information for processor 0
  Max Mhz: 3301, Current Mhz: 2630, Mhz Limit: 3301
Processor Information for processor 1
  Max Mhz: 3301, Current Mhz: 2630, Mhz Limit: 3301
Processor Information for processor 2
  Max Mhz: 3301, Current Mhz: 2630, Mhz Limit: 3301
Processor Information for processor 3
  Max Mhz: 3301, Current Mhz: 2630, Mhz Limit: 3301
Processor Information for processor 4
  Max Mhz: 3301, Current Mhz: 3301, Mhz Limit: 3301
Processor Information for processor 5
  Max Mhz: 3301, Current Mhz: 2630, Mhz Limit: 3301
Processor Information for processor 6
  Max Mhz: 3301, Current Mhz: 2630, Mhz Limit: 3301
Processor Information for processor 7
  Max Mhz: 3301, Current Mhz: 2630, Mhz Limit: 3301
Processor Information for processor 8
  Max Mhz: 3301, Current Mhz: 2630, Mhz Limit: 3301
Processor Information for processor 9
  Max Mhz: 3301, Current Mhz: 2630, Mhz Limit: 3301
Processor Information for processor 10
  Max Mhz: 3301, Current Mhz: 2630, Mhz Limit: 3301
Processor Information for processor 11
  Max Mhz: 3301, Current Mhz: 2630, Mhz Limit: 3301

Memory: 4k page, system-wide physical 7583M (436M free)
TotalPageFile size 31135M (AvailPageFile size 38M)
current process WorkingSet (physical memory assigned to process): 241M, peak: 241M
current process commit charge ("private bytes"): 277M, peak: 311M

vm_info: OpenJDK 64-Bit Server VM (21.0.5+-13047016-b750.29) for windows-amd64 JRE (21.0.5+-13047016-b750.29), built on 2025-02-11T21:12:39Z by "builder" with MS VC++ 16.10 / 16.11 (VS2019)

END.
