#
# There is insufficient memory for the Java Runtime Environment to continue.
# Native memory allocation (malloc) failed to allocate 1713136 bytes. Error detail: Chunk::new
# Possible reasons:
#   The system is out of physical RAM or swap space
#   This process is running with CompressedOops enabled, and the Java Heap may be blocking the growth of the native heap
# Possible solutions:
#   Reduce memory load on the system
#   Increase physical memory or swap space
#   Check if swap backing store is full
#   Decrease Java heap size (-Xmx/-Xms)
#   Decrease number of Java threads
#   Decrease Java thread stack sizes (-Xss)
#   Set larger code cache with -XX:ReservedCodeCacheSize=
#   JVM is running with Unscaled Compressed Oops mode in which the Java heap is
#     placed in the first 4GB address space. The Java Heap base address is the
#     maximum limit for the native heap growth. Please use -XX:HeapBaseMinAddress
#     to set the Java Heap base and to place the Java Heap above 4GB virtual address.
# This output file may be truncated or incomplete.
#
#  Out of Memory Error (arena.cpp:168), pid=11768, tid=16696
#
# JRE version: OpenJDK Runtime Environment (21.0.5) (build 21.0.5+-13047016-b750.29)
# Java VM: OpenJDK 64-Bit Server VM (21.0.5+-13047016-b750.29, mixed mode, tiered, compressed oops, compressed class ptrs, g1 gc, windows-amd64)
# No core dump will be written. Minidumps are not enabled by default on client versions of Windows
#

---------------  S U M M A R Y ------------

Command Line: org.jetbrains.kotlin.cli.jvm.K2JVMCompiler @D:\AndroidStudioProjects\CatatanKeuanganPribadi\app\build\20250605_9880794544676953417.compiler.options

Host: AMD Ryzen 5 5600H with Radeon Graphics         , 12 cores, 7G,  Windows 11 , 64 bit Build 22621 (10.0.22621.5262)
Time: Thu Jun  5 20:34:46 2025 SE Asia Standard Time elapsed time: 2.038287 seconds (0d 0h 0m 2s)

---------------  T H R E A D  ---------------

Current thread (0x000001daa808c7f0):  JavaThread "C2 CompilerThread0" daemon [_thread_in_native, id=16696, stack(0x000000898d300000,0x000000898d400000) (1024K)]


Current CompileTask:
C2:2038 3335   !   4       jdk.internal.loader.BuiltinClassLoader::findClassOnClassPathOrNull (64 bytes)

Stack: [0x000000898d300000,0x000000898d400000]
Native frames: (J=compiled Java code, j=interpreted, Vv=VM code, C=native code)
V  [jvm.dll+0x6cfb29]
V  [jvm.dll+0x85df93]
V  [jvm.dll+0x8604ee]
V  [jvm.dll+0x860bd3]
V  [jvm.dll+0x27e6b6]
V  [jvm.dll+0xbff6d]
V  [jvm.dll+0xc04a3]
V  [jvm.dll+0x3b5fc1]
V  [jvm.dll+0x381f97]
V  [jvm.dll+0x38140a]
V  [jvm.dll+0x247c62]
V  [jvm.dll+0x247231]
V  [jvm.dll+0x1c5ee4]
V  [jvm.dll+0x25697c]
V  [jvm.dll+0x254ec6]
V  [jvm.dll+0x3f0ce6]
V  [jvm.dll+0x806368]
V  [jvm.dll+0x6ce3fd]
C  [ucrtbase.dll+0x29333]
C  [KERNEL32.DLL+0x1259d]
C  [ntdll.dll+0x5af58]


---------------  P R O C E S S  ---------------

Threads class SMR info:
_java_thread_list=0x000001daa8256cd0, length=12, elements={
0x000001da8a2b1a20, 0x000001daa805d7c0, 0x000001daa805e4d0, 0x000001daa80611d0,
0x000001daa8061ef0, 0x000001daa8074b60, 0x000001daa808bda0, 0x000001daa808c7f0,
0x000001daa8077420, 0x000001daa8230850, 0x000001daa824dcc0, 0x000001daa8252ec0
}

Java Threads: ( => current thread )
  0x000001da8a2b1a20 JavaThread "main"                              [_thread_in_Java, id=15656, stack(0x000000898c500000,0x000000898c600000) (1024K)]
  0x000001daa805d7c0 JavaThread "Reference Handler"          daemon [_thread_blocked, id=21496, stack(0x000000898cd00000,0x000000898ce00000) (1024K)]
  0x000001daa805e4d0 JavaThread "Finalizer"                  daemon [_thread_blocked, id=6072, stack(0x000000898ce00000,0x000000898cf00000) (1024K)]
  0x000001daa80611d0 JavaThread "Signal Dispatcher"          daemon [_thread_blocked, id=16300, stack(0x000000898cf00000,0x000000898d000000) (1024K)]
  0x000001daa8061ef0 JavaThread "Attach Listener"            daemon [_thread_blocked, id=29060, stack(0x000000898d000000,0x000000898d100000) (1024K)]
  0x000001daa8074b60 JavaThread "Service Thread"             daemon [_thread_blocked, id=10992, stack(0x000000898d100000,0x000000898d200000) (1024K)]
  0x000001daa808bda0 JavaThread "Monitor Deflation Thread"   daemon [_thread_blocked, id=18980, stack(0x000000898d200000,0x000000898d300000) (1024K)]
=>0x000001daa808c7f0 JavaThread "C2 CompilerThread0"         daemon [_thread_in_native, id=16696, stack(0x000000898d300000,0x000000898d400000) (1024K)]
  0x000001daa8077420 JavaThread "C1 CompilerThread0"         daemon [_thread_in_vm, id=12196, stack(0x000000898d400000,0x000000898d500000) (1024K)]
  0x000001daa8230850 JavaThread "Notification Thread"        daemon [_thread_blocked, id=28836, stack(0x000000898d500000,0x000000898d600000) (1024K)]
  0x000001daa824dcc0 JavaThread "Common-Cleaner"             daemon [_thread_blocked, id=27300, stack(0x000000898d600000,0x000000898d700000) (1024K)]
  0x000001daa8252ec0 JavaThread "C2 CompilerThread1"         daemon [_thread_in_native, id=24276, stack(0x000000898d700000,0x000000898d800000) (1024K)]
Total: 12

Other Threads:
  0x000001daa3cc1d70 VMThread "VM Thread"                           [id=10836, stack(0x000000898cc00000,0x000000898cd00000) (1024K)]
  0x000001daa3c63400 WatcherThread "VM Periodic Task Thread"        [id=8984, stack(0x000000898cb00000,0x000000898cc00000) (1024K)]
  0x000001da8c4dd770 WorkerThread "GC Thread#0"                     [id=5944, stack(0x000000898c600000,0x000000898c700000) (1024K)]
  0x000001daa8a40110 WorkerThread "GC Thread#1"                     [id=9900, stack(0x000000898d800000,0x000000898d900000) (1024K)]
  0x000001daa8a41630 WorkerThread "GC Thread#2"                     [id=24476, stack(0x000000898d900000,0x000000898da00000) (1024K)]
  0x000001daa8a419d0 WorkerThread "GC Thread#3"                     [id=18920, stack(0x000000898da00000,0x000000898db00000) (1024K)]
  0x000001daa8a80eb0 WorkerThread "GC Thread#4"                     [id=20500, stack(0x000000898db00000,0x000000898dc00000) (1024K)]
  0x000001daa8a81250 WorkerThread "GC Thread#5"                     [id=16556, stack(0x000000898dc00000,0x000000898dd00000) (1024K)]
  0x000001daa8aec2b0 WorkerThread "GC Thread#6"                     [id=18556, stack(0x000000898dd00000,0x000000898de00000) (1024K)]
  0x000001daa8aeb090 WorkerThread "GC Thread#7"                     [id=20372, stack(0x000000898de00000,0x000000898df00000) (1024K)]
  0x000001daa93ed690 WorkerThread "GC Thread#8"                     [id=19844, stack(0x000000898e100000,0x000000898e200000) (1024K)]
  0x000001daa93f0210 WorkerThread "GC Thread#9"                     [id=18248, stack(0x000000898e200000,0x000000898e300000) (1024K)]
  0x000001da8c4ee1d0 ConcurrentGCThread "G1 Main Marker"            [id=23884, stack(0x000000898c700000,0x000000898c800000) (1024K)]
  0x000001da8c4eecd0 WorkerThread "G1 Conc#0"                       [id=14584, stack(0x000000898c800000,0x000000898c900000) (1024K)]
  0x000001daa8aeb430 WorkerThread "G1 Conc#1"                       [id=11340, stack(0x000000898df00000,0x000000898e000000) (1024K)]
  0x000001daa8aeb7d0 WorkerThread "G1 Conc#2"                       [id=4240, stack(0x000000898e000000,0x000000898e100000) (1024K)]
  0x000001daa3b35990 ConcurrentGCThread "G1 Refine#0"               [id=18692, stack(0x000000898c900000,0x000000898ca00000) (1024K)]
  0x000001daa3b36310 ConcurrentGCThread "G1 Service"                [id=14020, stack(0x000000898ca00000,0x000000898cb00000) (1024K)]
Total: 18

Threads with active compile tasks:
C2 CompilerThread0  2052 3335   !   4       jdk.internal.loader.BuiltinClassLoader::findClassOnClassPathOrNull (64 bytes)
C1 CompilerThread0  2052 3465       3       org.jetbrains.kotlin.metadata.ProtoBuf$TypeParameter::isInitialized (101 bytes)
C2 CompilerThread1  2052 3337       4       jdk.internal.loader.ClassLoaders$AppClassLoader::loadClass (40 bytes)
Total: 3

VM state: not at safepoint (normal execution)

VM Mutex/Monitor currently owned by a thread: None

Heap address: 0x0000000089800000, size: 1896 MB, Compressed Oops mode: 32-bit

CDS archive(s) not mapped
Compressed class space mapped at: 0x0000000100000000-0x0000000140000000, reserved size: 1073741824
Narrow klass base: 0x0000000000000000, Narrow klass shift: 3, Narrow klass range: 0x140000000

GC Precious Log:
 CardTable entry size: 512
 Card Set container configuration: InlinePtr #cards 5 size 8 Array Of Cards #cards 12 size 40 Howl #buckets 4 coarsen threshold 1843 Howl Bitmap #cards 512 size 80 coarsen threshold 460 Card regions per heap region 1 cards per card region 2048
 CPUs: 12 total, 12 available
 Memory: 7583M
 Large Page Support: Disabled
 NUMA Support: Disabled
 Compressed Oops: Enabled (32-bit)
 Heap Region Size: 1M
 Heap Min Capacity: 8M
 Heap Initial Capacity: 120M
 Heap Max Capacity: 1896M
 Pre-touch: Disabled
 Parallel Workers: 10
 Concurrent Workers: 3
 Concurrent Refinement Workers: 10
 Periodic GC: Disabled

Heap:
 garbage-first heap   total 61440K, used 45788K [0x0000000089800000, 0x0000000100000000)
  region size 1024K, 24 young (24576K), 4 survivors (4096K)
 Metaspace       used 51287K, committed 51584K, reserved 1114112K
  class space    used 5879K, committed 6016K, reserved 1048576K

Heap Regions: E=young(eden), S=young(survivor), O=old, HS=humongous(starts), HC=humongous(continues), CS=collection set, F=free, TAMS=top-at-mark-start, PB=parsable bottom
|   0|0x0000000089800000, 0x0000000089900000, 0x0000000089900000|100%|HS|  |TAMS 0x0000000089800000| PB 0x0000000089800000| Complete 
|   1|0x0000000089900000, 0x0000000089a00000, 0x0000000089a00000|100%|HC|  |TAMS 0x0000000089900000| PB 0x0000000089900000| Complete 
|   2|0x0000000089a00000, 0x0000000089b00000, 0x0000000089b00000|100%|HC|  |TAMS 0x0000000089a00000| PB 0x0000000089a00000| Complete 
|   3|0x0000000089b00000, 0x0000000089c00000, 0x0000000089c00000|100%| O|  |TAMS 0x0000000089b00000| PB 0x0000000089b00000| Untracked 
|   4|0x0000000089c00000, 0x0000000089d00000, 0x0000000089d00000|100%| O|  |TAMS 0x0000000089c00000| PB 0x0000000089c00000| Untracked 
|   5|0x0000000089d00000, 0x0000000089e00000, 0x0000000089e00000|100%| O|  |TAMS 0x0000000089d00000| PB 0x0000000089d00000| Untracked 
|   6|0x0000000089e00000, 0x0000000089f00000, 0x0000000089f00000|100%| O|  |TAMS 0x0000000089e00000| PB 0x0000000089e00000| Untracked 
|   7|0x0000000089f00000, 0x000000008a000000, 0x000000008a000000|100%| O|  |TAMS 0x0000000089f00000| PB 0x0000000089f00000| Untracked 
|   8|0x000000008a000000, 0x000000008a100000, 0x000000008a100000|100%| O|  |TAMS 0x000000008a000000| PB 0x000000008a000000| Untracked 
|   9|0x000000008a100000, 0x000000008a200000, 0x000000008a200000|100%| O|  |TAMS 0x000000008a100000| PB 0x000000008a100000| Untracked 
|  10|0x000000008a200000, 0x000000008a300000, 0x000000008a300000|100%| O|  |TAMS 0x000000008a200000| PB 0x000000008a200000| Untracked 
|  11|0x000000008a300000, 0x000000008a400000, 0x000000008a400000|100%| O|  |TAMS 0x000000008a300000| PB 0x000000008a300000| Untracked 
|  12|0x000000008a400000, 0x000000008a500000, 0x000000008a500000|100%| O|  |TAMS 0x000000008a400000| PB 0x000000008a400000| Untracked 
|  13|0x000000008a500000, 0x000000008a600000, 0x000000008a600000|100%| O|  |TAMS 0x000000008a500000| PB 0x000000008a500000| Untracked 
|  14|0x000000008a600000, 0x000000008a700000, 0x000000008a700000|100%| O|  |TAMS 0x000000008a600000| PB 0x000000008a600000| Untracked 
|  15|0x000000008a700000, 0x000000008a800000, 0x000000008a800000|100%| O|  |TAMS 0x000000008a700000| PB 0x000000008a700000| Untracked 
|  16|0x000000008a800000, 0x000000008a900000, 0x000000008a900000|100%| O|  |TAMS 0x000000008a800000| PB 0x000000008a800000| Untracked 
|  17|0x000000008a900000, 0x000000008aa00000, 0x000000008aa00000|100%|HS|  |TAMS 0x000000008a900000| PB 0x000000008a900000| Complete 
|  18|0x000000008aa00000, 0x000000008aa00000, 0x000000008ab00000|  0%| F|  |TAMS 0x000000008aa00000| PB 0x000000008aa00000| Untracked 
|  19|0x000000008ab00000, 0x000000008ac00000, 0x000000008ac00000|100%| O|  |TAMS 0x000000008ab00000| PB 0x000000008ab00000| Untracked 
|  20|0x000000008ac00000, 0x000000008ad00000, 0x000000008ad00000|100%| O|  |TAMS 0x000000008ac00000| PB 0x000000008ac00000| Untracked 
|  21|0x000000008ad00000, 0x000000008ae00000, 0x000000008ae00000|100%| S|CS|TAMS 0x000000008ad00000| PB 0x000000008ad00000| Complete 
|  22|0x000000008ae00000, 0x000000008ae00000, 0x000000008af00000|  0%| F|  |TAMS 0x000000008ae00000| PB 0x000000008ae00000| Untracked 
|  23|0x000000008af00000, 0x000000008af00000, 0x000000008b000000|  0%| F|  |TAMS 0x000000008af00000| PB 0x000000008af00000| Untracked 
|  24|0x000000008b000000, 0x000000008b100000, 0x000000008b100000|100%| S|CS|TAMS 0x000000008b000000| PB 0x000000008b000000| Complete 
|  25|0x000000008b100000, 0x000000008b200000, 0x000000008b200000|100%| S|CS|TAMS 0x000000008b100000| PB 0x000000008b100000| Complete 
|  26|0x000000008b200000, 0x000000008b200000, 0x000000008b300000|  0%| F|  |TAMS 0x000000008b200000| PB 0x000000008b200000| Untracked 
|  27|0x000000008b300000, 0x000000008b300000, 0x000000008b400000|  0%| F|  |TAMS 0x000000008b300000| PB 0x000000008b300000| Untracked 
|  28|0x000000008b400000, 0x000000008b400000, 0x000000008b500000|  0%| F|  |TAMS 0x000000008b400000| PB 0x000000008b400000| Untracked 
|  29|0x000000008b500000, 0x000000008b500000, 0x000000008b600000|  0%| F|  |TAMS 0x000000008b500000| PB 0x000000008b500000| Untracked 
|  30|0x000000008b600000, 0x000000008b600000, 0x000000008b700000|  0%| F|  |TAMS 0x000000008b600000| PB 0x000000008b600000| Untracked 
|  31|0x000000008b700000, 0x000000008b700000, 0x000000008b800000|  0%| F|  |TAMS 0x000000008b700000| PB 0x000000008b700000| Untracked 
|  32|0x000000008b800000, 0x000000008b800000, 0x000000008b900000|  0%| F|  |TAMS 0x000000008b800000| PB 0x000000008b800000| Untracked 
|  33|0x000000008b900000, 0x000000008b900000, 0x000000008ba00000|  0%| F|  |TAMS 0x000000008b900000| PB 0x000000008b900000| Untracked 
|  34|0x000000008ba00000, 0x000000008ba00000, 0x000000008bb00000|  0%| F|  |TAMS 0x000000008ba00000| PB 0x000000008ba00000| Untracked 
|  35|0x000000008bb00000, 0x000000008bb00000, 0x000000008bc00000|  0%| F|  |TAMS 0x000000008bb00000| PB 0x000000008bb00000| Untracked 
|  36|0x000000008bc00000, 0x000000008bc00000, 0x000000008bd00000|  0%| F|  |TAMS 0x000000008bc00000| PB 0x000000008bc00000| Untracked 
|  37|0x000000008bd00000, 0x000000008bdd3bd8, 0x000000008be00000| 82%| E|  |TAMS 0x000000008bd00000| PB 0x000000008bd00000| Complete 
|  38|0x000000008be00000, 0x000000008bf00000, 0x000000008bf00000|100%| E|CS|TAMS 0x000000008be00000| PB 0x000000008be00000| Complete 
|  39|0x000000008bf00000, 0x000000008c000000, 0x000000008c000000|100%| E|CS|TAMS 0x000000008bf00000| PB 0x000000008bf00000| Complete 
|  40|0x000000008c000000, 0x000000008c100000, 0x000000008c100000|100%| E|CS|TAMS 0x000000008c000000| PB 0x000000008c000000| Complete 
|  41|0x000000008c100000, 0x000000008c200000, 0x000000008c200000|100%| E|CS|TAMS 0x000000008c100000| PB 0x000000008c100000| Complete 
|  42|0x000000008c200000, 0x000000008c300000, 0x000000008c300000|100%| E|CS|TAMS 0x000000008c200000| PB 0x000000008c200000| Complete 
|  43|0x000000008c300000, 0x000000008c400000, 0x000000008c400000|100%| E|CS|TAMS 0x000000008c300000| PB 0x000000008c300000| Complete 
|  44|0x000000008c400000, 0x000000008c500000, 0x000000008c500000|100%| S|CS|TAMS 0x000000008c400000| PB 0x000000008c400000| Complete 
|  45|0x000000008c500000, 0x000000008c600000, 0x000000008c600000|100%| E|CS|TAMS 0x000000008c500000| PB 0x000000008c500000| Complete 
|  46|0x000000008c600000, 0x000000008c700000, 0x000000008c700000|100%| E|CS|TAMS 0x000000008c600000| PB 0x000000008c600000| Complete 
|  47|0x000000008c700000, 0x000000008c800000, 0x000000008c800000|100%| E|CS|TAMS 0x000000008c700000| PB 0x000000008c700000| Complete 
|  48|0x000000008c800000, 0x000000008c900000, 0x000000008c900000|100%| E|CS|TAMS 0x000000008c800000| PB 0x000000008c800000| Complete 
|  49|0x000000008c900000, 0x000000008ca00000, 0x000000008ca00000|100%| E|CS|TAMS 0x000000008c900000| PB 0x000000008c900000| Complete 
|  50|0x000000008ca00000, 0x000000008cb00000, 0x000000008cb00000|100%| E|CS|TAMS 0x000000008ca00000| PB 0x000000008ca00000| Complete 
|  51|0x000000008cb00000, 0x000000008cc00000, 0x000000008cc00000|100%| E|CS|TAMS 0x000000008cb00000| PB 0x000000008cb00000| Complete 
|  52|0x000000008cc00000, 0x000000008cd00000, 0x000000008cd00000|100%| E|CS|TAMS 0x000000008cc00000| PB 0x000000008cc00000| Complete 
|  53|0x000000008cd00000, 0x000000008ce00000, 0x000000008ce00000|100%| E|CS|TAMS 0x000000008cd00000| PB 0x000000008cd00000| Complete 
|  54|0x000000008ce00000, 0x000000008cf00000, 0x000000008cf00000|100%| E|CS|TAMS 0x000000008ce00000| PB 0x000000008ce00000| Complete 
|  93|0x000000008f500000, 0x000000008f600000, 0x000000008f600000|100%| E|CS|TAMS 0x000000008f500000| PB 0x000000008f500000| Complete 
|  97|0x000000008f900000, 0x000000008fa00000, 0x000000008fa00000|100%| E|CS|TAMS 0x000000008f900000| PB 0x000000008f900000| Complete 
| 119|0x0000000090f00000, 0x0000000091000000, 0x0000000091000000|100%| E|CS|TAMS 0x0000000090f00000| PB 0x0000000090f00000| Complete 
|1894|0x00000000ffe00000, 0x00000000ffeb7080, 0x00000000fff00000| 71%| O|  |TAMS 0x00000000ffe00000| PB 0x00000000ffe00000| Untracked 
|1895|0x00000000fff00000, 0x0000000100000000, 0x0000000100000000|100%| O|  |TAMS 0x00000000fff00000| PB 0x00000000fff00000| Untracked 

Card table byte_map: [0x000001da9eef0000,0x000001da9f2b0000] _byte_map_base: 0x000001da9eaa4000

Marking Bits: (CMBitMap*) 0x000001da8c4dea80
 Bits: [0x000001da9f2b0000, 0x000001daa1050000)

Polling page: 0x000001da8a400000

Metaspace:

Usage:
  Non-class:     44.34 MB used.
      Class:      5.74 MB used.
       Both:     50.09 MB used.

Virtual space:
  Non-class space:       64.00 MB reserved,      44.50 MB ( 70%) committed,  1 nodes.
      Class space:        1.00 GB reserved,       5.88 MB ( <1%) committed,  1 nodes.
             Both:        1.06 GB reserved,      50.38 MB (  5%) committed. 

Chunk freelists:
   Non-Class:  2.94 MB
       Class:  10.07 MB
        Both:  13.00 MB

MaxMetaspaceSize: unlimited
CompressedClassSpaceSize: 1.00 GB
Initial GC threshold: 21.00 MB
Current GC threshold: 58.88 MB
CDS: off
 - commit_granule_bytes: 65536.
 - commit_granule_words: 8192.
 - virtual_space_node_default_size: 8388608.
 - enlarge_chunks_in_place: 1.
 - use_allocation_guard: 0.


Internal statistics:

num_allocs_failed_limit: 6.
num_arena_births: 262.
num_arena_deaths: 0.
num_vsnodes_births: 2.
num_vsnodes_deaths: 0.
num_space_committed: 806.
num_space_uncommitted: 0.
num_chunks_returned_to_freelist: 6.
num_chunks_taken_from_freelist: 1781.
num_chunk_merges: 6.
num_chunk_splits: 1454.
num_chunks_enlarged: 1328.
num_inconsistent_stats: 0.

CodeHeap 'non-profiled nmethods': size=120000Kb used=1516Kb max_used=1516Kb free=118483Kb
 bounds [0x000001da970b0000, 0x000001da97320000, 0x000001da9e5e0000]
CodeHeap 'profiled nmethods': size=120000Kb used=6608Kb max_used=6608Kb free=113391Kb
 bounds [0x000001da8f5e0000, 0x000001da8fc60000, 0x000001da96b10000]
CodeHeap 'non-nmethods': size=5760Kb used=1576Kb max_used=1601Kb free=4183Kb
 bounds [0x000001da96b10000, 0x000001da96d80000, 0x000001da970b0000]
 total_blobs=3981 nmethods=3337 adapters=548
 compilation: enabled
              stopped_count=0, restarted_count=0
 full_count=0

Compilation events (20 events):
Event: 2.029 Thread 0x000001daa8077420 nmethod 3385 0x000001da9722a790 code [0x000001da9722a920, 0x000001da9722a9d0]
Event: 2.030 Thread 0x000001daa8077420 3386       1       org.jetbrains.kotlin.utils.SmartList::access$200 (5 bytes)
Event: 2.030 Thread 0x000001daa8077420 nmethod 3386 0x000001da9722aa90 code [0x000001da9722ac20, 0x000001da9722acd0]
Event: 2.030 Thread 0x000001daa8077420 3387       3       org.jetbrains.kotlin.kotlinx.collections.immutable.implementations.immutableMap.TrieNode::hasNodeAt (15 bytes)
Event: 2.030 Thread 0x000001daa8077420 nmethod 3387 0x000001da8fc27c90 code [0x000001da8fc27e20, 0x000001da8fc27f88]
Event: 2.032 Thread 0x000001daa8077420 3389       3       kotlin.collections.builders.MapBuilder$Companion::access$computeHashSize (6 bytes)
Event: 2.032 Thread 0x000001daa8077420 nmethod 3389 0x000001da8fc28010 code [0x000001da8fc281e0, 0x000001da8fc28478]
Event: 2.032 Thread 0x000001daa8077420 3390       3       kotlin.collections.builders.MapBuilder$Companion::computeHashSize (11 bytes)
Event: 2.032 Thread 0x000001daa8077420 nmethod 3390 0x000001da8fc28610 code [0x000001da8fc287c0, 0x000001da8fc28a10]
Event: 2.032 Thread 0x000001daa8077420 3391       3       kotlin.collections.IndexedValue::<init> (15 bytes)
Event: 2.032 Thread 0x000001daa8077420 nmethod 3391 0x000001da8fc28b10 code [0x000001da8fc28cc0, 0x000001da8fc28e80]
Event: 2.032 Thread 0x000001daa8077420 3392       1       kotlin.collections.IndexedValue::component1 (5 bytes)
Event: 2.032 Thread 0x000001daa8077420 nmethod 3392 0x000001da9722ad90 code [0x000001da9722af20, 0x000001da9722afe8]
Event: 2.033 Thread 0x000001daa8077420 3393       3       kotlin.collections.IndexingIterator::next (5 bytes)
Event: 2.033 Thread 0x000001daa8077420 nmethod 3393 0x000001da8fc28f10 code [0x000001da8fc290c0, 0x000001da8fc291f8]
Event: 2.033 Thread 0x000001daa8077420 3394       3       kotlin.collections.IndexingIterator::next (39 bytes)
Event: 2.033 Thread 0x000001daa8077420 nmethod 3394 0x000001da8fc29290 code [0x000001da8fc29480, 0x000001da8fc29940]
Event: 2.034 Thread 0x000001daa8077420 3395       3       org.jetbrains.org.objectweb.asm.ClassReader::readShort (27 bytes)
Event: 2.034 Thread 0x000001daa8077420 nmethod 3395 0x000001da8fc29b10 code [0x000001da8fc29cc0, 0x000001da8fc29e38]
Event: 2.035 Thread 0x000001daa8077420 3396   !   3       org.jetbrains.kotlin.metadata.ProtoBuf$Type$Argument::<init> (401 bytes)

GC Heap History (18 events):
Event: 0.355 GC heap before
{Heap before GC invocations=0 (full 0):
 garbage-first heap   total 122880K, used 26624K [0x0000000089800000, 0x0000000100000000)
  region size 1024K, 23 young (23552K), 0 survivors (0K)
 Metaspace       used 14087K, committed 14272K, reserved 1114112K
  class space    used 1328K, committed 1408K, reserved 1048576K
}
Event: 0.359 GC heap after
{Heap after GC invocations=1 (full 0):
 garbage-first heap   total 122880K, used 6144K [0x0000000089800000, 0x0000000100000000)
  region size 1024K, 3 young (3072K), 3 survivors (3072K)
 Metaspace       used 14087K, committed 14272K, reserved 1114112K
  class space    used 1328K, committed 1408K, reserved 1048576K
}
Event: 0.552 GC heap before
{Heap before GC invocations=1 (full 0):
 garbage-first heap   total 122880K, used 26624K [0x0000000089800000, 0x0000000100000000)
  region size 1024K, 25 young (25600K), 3 survivors (3072K)
 Metaspace       used 21298K, committed 21504K, reserved 1114112K
  class space    used 2160K, committed 2240K, reserved 1048576K
}
Event: 0.556 GC heap after
{Heap after GC invocations=2 (full 0):
 garbage-first heap   total 122880K, used 7805K [0x0000000089800000, 0x0000000100000000)
  region size 1024K, 2 young (2048K), 2 survivors (2048K)
 Metaspace       used 21298K, committed 21504K, reserved 1114112K
  class space    used 2160K, committed 2240K, reserved 1048576K
}
Event: 0.761 GC heap before
{Heap before GC invocations=3 (full 0):
 garbage-first heap   total 30720K, used 29309K [0x0000000089800000, 0x0000000100000000)
  region size 1024K, 23 young (23552K), 2 survivors (2048K)
 Metaspace       used 25010K, committed 25280K, reserved 1114112K
  class space    used 2638K, committed 2752K, reserved 1048576K
}
Event: 0.769 GC heap after
{Heap after GC invocations=4 (full 0):
 garbage-first heap   total 37888K, used 13505K [0x0000000089800000, 0x0000000100000000)
  region size 1024K, 7 young (7168K), 7 survivors (7168K)
 Metaspace       used 25010K, committed 25280K, reserved 1114112K
  class space    used 2638K, committed 2752K, reserved 1048576K
}
Event: 0.905 GC heap before
{Heap before GC invocations=4 (full 0):
 garbage-first heap   total 37888K, used 26817K [0x0000000089800000, 0x0000000100000000)
  region size 1024K, 20 young (20480K), 7 survivors (7168K)
 Metaspace       used 28880K, committed 29056K, reserved 1114112K
  class space    used 3058K, committed 3136K, reserved 1048576K
}
Event: 0.912 GC heap after
{Heap after GC invocations=5 (full 0):
 garbage-first heap   total 37888K, used 14112K [0x0000000089800000, 0x0000000100000000)
  region size 1024K, 1 young (1024K), 1 survivors (1024K)
 Metaspace       used 28880K, committed 29056K, reserved 1114112K
  class space    used 3058K, committed 3136K, reserved 1048576K
}
Event: 1.101 GC heap before
{Heap before GC invocations=5 (full 0):
 garbage-first heap   total 37888K, used 30496K [0x0000000089800000, 0x0000000100000000)
  region size 1024K, 17 young (17408K), 1 survivors (1024K)
 Metaspace       used 33735K, committed 33984K, reserved 1114112K
  class space    used 4072K, committed 4160K, reserved 1048576K
}
Event: 1.105 GC heap after
{Heap after GC invocations=6 (full 0):
 garbage-first heap   total 48128K, used 15500K [0x0000000089800000, 0x0000000100000000)
  region size 1024K, 3 young (3072K), 3 survivors (3072K)
 Metaspace       used 33735K, committed 33984K, reserved 1114112K
  class space    used 4072K, committed 4160K, reserved 1048576K
}
Event: 1.180 GC heap before
{Heap before GC invocations=6 (full 0):
 garbage-first heap   total 48128K, used 23692K [0x0000000089800000, 0x0000000100000000)
  region size 1024K, 13 young (13312K), 3 survivors (3072K)
 Metaspace       used 35754K, committed 35968K, reserved 1114112K
  class space    used 4280K, committed 4352K, reserved 1048576K
}
Event: 1.183 GC heap after
{Heap after GC invocations=7 (full 0):
 garbage-first heap   total 48128K, used 15869K [0x0000000089800000, 0x0000000100000000)
  region size 1024K, 2 young (2048K), 2 survivors (2048K)
 Metaspace       used 35754K, committed 35968K, reserved 1114112K
  class space    used 4280K, committed 4352K, reserved 1048576K
}
Event: 1.398 GC heap before
{Heap before GC invocations=8 (full 0):
 garbage-first heap   total 48128K, used 38397K [0x0000000089800000, 0x0000000100000000)
  region size 1024K, 25 young (25600K), 2 survivors (2048K)
 Metaspace       used 42063K, committed 42304K, reserved 1114112K
  class space    used 4928K, committed 4992K, reserved 1048576K
}
Event: 1.402 GC heap after
{Heap after GC invocations=9 (full 0):
 garbage-first heap   total 48128K, used 16893K [0x0000000089800000, 0x0000000100000000)
  region size 1024K, 3 young (3072K), 3 survivors (3072K)
 Metaspace       used 42063K, committed 42304K, reserved 1114112K
  class space    used 4928K, committed 4992K, reserved 1048576K
}
Event: 1.646 GC heap before
{Heap before GC invocations=9 (full 0):
 garbage-first heap   total 48128K, used 39421K [0x0000000089800000, 0x0000000100000000)
  region size 1024K, 26 young (26624K), 3 survivors (3072K)
 Metaspace       used 47062K, committed 47360K, reserved 1114112K
  class space    used 5436K, committed 5568K, reserved 1048576K
}
Event: 1.655 GC heap after
{Heap after GC invocations=10 (full 0):
 garbage-first heap   total 48128K, used 19225K [0x0000000089800000, 0x0000000100000000)
  region size 1024K, 4 young (4096K), 4 survivors (4096K)
 Metaspace       used 47062K, committed 47360K, reserved 1114112K
  class space    used 5436K, committed 5568K, reserved 1048576K
}
Event: 1.883 GC heap before
{Heap before GC invocations=10 (full 0):
 garbage-first heap   total 48128K, used 40729K [0x0000000089800000, 0x0000000100000000)
  region size 1024K, 25 young (25600K), 4 survivors (4096K)
 Metaspace       used 48717K, committed 49024K, reserved 1114112K
  class space    used 5609K, committed 5760K, reserved 1048576K
}
Event: 1.896 GC heap after
{Heap after GC invocations=11 (full 0):
 garbage-first heap   total 61440K, used 25308K [0x0000000089800000, 0x0000000100000000)
  region size 1024K, 4 young (4096K), 4 survivors (4096K)
 Metaspace       used 48717K, committed 49024K, reserved 1114112K
  class space    used 5609K, committed 5760K, reserved 1048576K
}

Dll operation events (3 events):
Event: 0.006 Loaded shared library D:\Android\Android Studio2\jbr\bin\java.dll
Event: 0.009 Loaded shared library D:\Android\Android Studio2\jbr\bin\zip.dll
Event: 0.773 Loaded shared library D:\Android\Android Studio2\jbr\bin\verify.dll

Deoptimization events (20 events):
Event: 1.813 Thread 0x000001da8a2b1a20 Uncommon trap: trap_request=0xffffff45 fr.pc=0x000001da971e3a44 relative=0x00000000000002e4
Event: 1.813 Thread 0x000001da8a2b1a20 Uncommon trap: reason=unstable_if action=reinterpret pc=0x000001da971e3a44 method=org.jetbrains.kotlin.name.Name.hashCode()I @ 16 c2
Event: 1.813 Thread 0x000001da8a2b1a20 DEOPT PACKING pc=0x000001da971e3a44 sp=0x000000898c5fb470
Event: 1.813 Thread 0x000001da8a2b1a20 DEOPT UNPACKING pc=0x000001da96b646a2 sp=0x000000898c5fb3f8 mode 2
Event: 1.817 Thread 0x000001da8a2b1a20 Uncommon trap: trap_request=0xffffff45 fr.pc=0x000001da971f9a50 relative=0x00000000000001b0
Event: 1.817 Thread 0x000001da8a2b1a20 Uncommon trap: reason=unstable_if action=reinterpret pc=0x000001da971f9a50 method=org.jetbrains.kotlin.name.FqNameUnsafe.equals(Ljava/lang/Object;)Z @ 2 c2
Event: 1.817 Thread 0x000001da8a2b1a20 DEOPT PACKING pc=0x000001da971f9a50 sp=0x000000898c5fa920
Event: 1.817 Thread 0x000001da8a2b1a20 DEOPT UNPACKING pc=0x000001da96b646a2 sp=0x000000898c5fa830 mode 2
Event: 1.832 Thread 0x000001da8a2b1a20 Uncommon trap: trap_request=0xffffff45 fr.pc=0x000001da9713be04 relative=0x00000000000000e4
Event: 1.832 Thread 0x000001da8a2b1a20 Uncommon trap: reason=unstable_if action=reinterpret pc=0x000001da9713be04 method=java.lang.Integer.valueOf(I)Ljava/lang/Integer; @ 3 c2
Event: 1.832 Thread 0x000001da8a2b1a20 DEOPT PACKING pc=0x000001da9713be04 sp=0x000000898c5fc080
Event: 1.832 Thread 0x000001da8a2b1a20 DEOPT UNPACKING pc=0x000001da96b646a2 sp=0x000000898c5fc018 mode 2
Event: 1.850 Thread 0x000001da8a2b1a20 DEOPT PACKING pc=0x000001da8f96e7bd sp=0x000000898c5fad20
Event: 1.850 Thread 0x000001da8a2b1a20 DEOPT UNPACKING pc=0x000001da96b64e42 sp=0x000000898c5fa228 mode 0
Event: 1.919 Thread 0x000001da8a2b1a20 Uncommon trap: trap_request=0xffffff45 fr.pc=0x000001da97178e04 relative=0x0000000000000064
Event: 1.919 Thread 0x000001da8a2b1a20 Uncommon trap: reason=unstable_if action=reinterpret pc=0x000001da97178e04 method=kotlin.jvm.internal.Intrinsics.areEqual(Ljava/lang/Object;Ljava/lang/Object;)Z @ 5 c2
Event: 1.919 Thread 0x000001da8a2b1a20 DEOPT PACKING pc=0x000001da97178e04 sp=0x000000898c5fdc70
Event: 1.919 Thread 0x000001da8a2b1a20 DEOPT UNPACKING pc=0x000001da96b646a2 sp=0x000000898c5fdc00 mode 2
Event: 1.930 Thread 0x000001da8a2b1a20 DEOPT PACKING pc=0x000001da8f96e7bd sp=0x000000898c5fc220
Event: 1.930 Thread 0x000001da8a2b1a20 DEOPT UNPACKING pc=0x000001da96b64e42 sp=0x000000898c5fb728 mode 0

Classes loaded (20 events):
Event: 1.488 Loading class java/security/AccessControlException
Event: 1.488 Loading class java/security/AccessControlException done
Event: 1.499 Loading class java/text/StringCharacterIterator
Event: 1.499 Loading class java/text/CharacterIterator
Event: 1.500 Loading class java/text/CharacterIterator done
Event: 1.500 Loading class java/text/StringCharacterIterator done
Event: 1.565 Loading class java/lang/annotation/ElementType
Event: 1.565 Loading class java/lang/annotation/ElementType done
Event: 1.565 Loading class java/lang/Deprecated
Event: 1.565 Loading class java/lang/Deprecated done
Event: 1.565 Loading class java/lang/Override
Event: 1.565 Loading class java/lang/Override done
Event: 1.736 Loading class java/util/ArrayList$SubList$1
Event: 1.736 Loading class java/util/ArrayList$SubList$1 done
Event: 1.777 Loading class java/util/AbstractList$ListItr
Event: 1.778 Loading class java/util/AbstractList$ListItr done
Event: 2.023 Loading class java/util/AbstractList$RandomAccessSubList
Event: 2.023 Loading class java/util/AbstractList$SubList
Event: 2.023 Loading class java/util/AbstractList$SubList done
Event: 2.023 Loading class java/util/AbstractList$RandomAccessSubList done

Classes unloaded (0 events):
No events

Classes redefined (0 events):
No events

Internal exceptions (20 events):
Event: 0.659 Thread 0x000001da8a2b1a20 Exception <a 'java/lang/NoSuchMethodError'{0x000000008aac01e8}: 'java.lang.Object java.lang.invoke.DelegatingMethodHandle$Holder.reinvoke_L(java.lang.Object, int, long, java.lang.Object, java.lang.Object, int, java.lang.Object)'> (0x000000008aac01e8) 
thrown [s\src\hotspot\share\interpreter\linkResolver.cpp, line 784]
Event: 0.663 Thread 0x000001da8a2b1a20 Exception <a 'java/lang/NoSuchMethodError'{0x000000008aae75f8}: 'java.lang.Object java.lang.invoke.DirectMethodHandle$Holder.invokeStatic(java.lang.Object, java.lang.Object, int)'> (0x000000008aae75f8) 
thrown [s\src\hotspot\share\interpreter\linkResolver.cpp, line 784]
Event: 0.663 Thread 0x000001da8a2b1a20 Exception <a 'java/lang/NoSuchMethodError'{0x000000008aaf2c58}: 'void java.lang.invoke.DelegatingMethodHandle$Holder.delegate(java.lang.Object, java.lang.Object, int, java.lang.Object)'> (0x000000008aaf2c58) 
thrown [s\src\hotspot\share\interpreter\linkResolver.cpp, line 784]
Event: 0.782 Thread 0x000001da8a2b1a20 Exception <a 'java/lang/NoSuchMethodError'{0x000000008f928da0}: 'java.lang.Object java.lang.invoke.DirectMethodHandle$Holder.invokeStatic(java.lang.Object, java.lang.Object, int, java.lang.Object)'> (0x000000008f928da0) 
thrown [s\src\hotspot\share\interpreter\linkResolver.cpp, line 784]
Event: 0.859 Thread 0x000001da8a2b1a20 Exception <a 'java/lang/NoSuchMethodError'{0x000000008ae8d960}: 'java.lang.Object java.lang.invoke.DirectMethodHandle$Holder.newInvokeSpecial(java.lang.Object, java.lang.Object, java.lang.Object, java.lang.Object, java.lang.Object, java.lang.Object)'> (0x000000008ae8d960) 
thrown [s\src\hotspot\share\interpreter\linkResolver.cpp, line 784]
Event: 1.113 Thread 0x000001da8a2b1a20 Exception <a 'java/lang/NoSuchMethodError'{0x0000000090ff48a8}: 'java.lang.Object java.lang.invoke.DirectMethodHandle$Holder.newInvokeSpecial(java.lang.Object, java.lang.Object, java.lang.Object, java.lang.Object, java.lang.Object, java.lang.Object, java.lang.Object)'> (0x0000000090ff48a8) 
thrown [s\src\hotspot\share\interpreter\linkResolver.cpp, line 784]
Event: 1.242 Thread 0x000001da8a2b1a20 Exception <a 'java/lang/NoSuchMethodError'{0x000000008bf702f0}: 'java.lang.Object java.lang.invoke.DirectMethodHandle$Holder.invokeVirtual(java.lang.Object, java.lang.Object, java.lang.Object)'> (0x000000008bf702f0) 
thrown [s\src\hotspot\share\interpreter\linkResolver.cpp, line 784]
Event: 1.262 Thread 0x000001da8a2b1a20 Exception <a 'java/lang/NoSuchMethodError'{0x000000008bee94e8}: 'java.lang.Object java.lang.invoke.DirectMethodHandle$Holder.newInvokeSpecial(java.lang.Object, java.lang.Object, int)'> (0x000000008bee94e8) 
thrown [s\src\hotspot\share\interpreter\linkResolver.cpp, line 784]
Event: 1.351 Thread 0x000001da8a2b1a20 Exception <a 'java/lang/NoSuchMethodError'{0x000000008b368f38}: 'int java.lang.invoke.DirectMethodHandle$Holder.invokeStaticInit(java.lang.Object, int)'> (0x000000008b368f38) 
thrown [s\src\hotspot\share\interpreter\linkResolver.cpp, line 784]
Event: 1.477 Thread 0x000001da8a2b1a20 Exception <a 'java/lang/NoSuchMethodError'{0x000000008be7aab8}: 'java.lang.Object java.lang.invoke.DirectMethodHandle$Holder.newInvokeSpecial(java.lang.Object, java.lang.Object, java.lang.Object, int, java.lang.Object)'> (0x000000008be7aab8) 
thrown [s\src\hotspot\share\interpreter\linkResolver.cpp, line 784]
Event: 1.606 Thread 0x000001da8a2b1a20 Implicit null exception at 0x000001da9714573f to 0x000001da97145b7c
Event: 1.950 Thread 0x000001da8a2b1a20 Exception <a 'java/lang/NoSuchMethodError'{0x000000008ce7bcc8}: 'java.lang.Object java.lang.invoke.DirectMethodHandle$Holder.newInvokeSpecial(java.lang.Object, java.lang.Object, java.lang.Object, java.lang.Object, java.lang.Object, java.lang.Object, java.lang.Object, java.lang.Object, java.lang.Object)'> (0x000000008ce7bcc8) 
thrown [s\src\hotspot\share\interpreter\linkResolver.cpp, line 784]
Event: 1.985 Thread 0x000001da8a2b1a20 Exception <a 'java/lang/NoSuchMethodError'{0x000000008cb02458}: 'java.lang.Object java.lang.invoke.DirectMethodHandle$Holder.newInvokeSpecial(java.lang.Object, java.lang.Object, java.lang.Object, int)'> (0x000000008cb02458) 
thrown [s\src\hotspot\share\interpreter\linkResolver.cpp, line 784]
Event: 1.985 Thread 0x000001da8a2b1a20 Exception <a 'java/lang/NoSuchMethodError'{0x000000008cb06398}: 'java.lang.Object java.lang.invoke.DirectMethodHandle$Holder.invokeSpecial(java.lang.Object, java.lang.Object, java.lang.Object, java.lang.Object, int)'> (0x000000008cb06398) 
thrown [s\src\hotspot\share\interpreter\linkResolver.cpp, line 784]
Event: 1.985 Thread 0x000001da8a2b1a20 Exception <a 'java/lang/NoSuchMethodError'{0x000000008cb09af0}: 'java.lang.Object java.lang.invoke.Invokers$Holder.linkToTargetMethod(java.lang.Object, java.lang.Object, int, java.lang.Object)'> (0x000000008cb09af0) 
thrown [s\src\hotspot\share\interpreter\linkResolver.cpp, line 784]
Event: 1.987 Thread 0x000001da8a2b1a20 Exception <a 'java/lang/NoSuchMethodError'{0x000000008cb1e6c8}: 'java.lang.Object java.lang.invoke.DirectMethodHandle$Holder.newInvokeSpecial(java.lang.Object, int, java.lang.Object)'> (0x000000008cb1e6c8) 
thrown [s\src\hotspot\share\interpreter\linkResolver.cpp, line 784]
Event: 1.991 Thread 0x000001da8a2b1a20 Exception <a 'java/lang/NoSuchMethodError'{0x000000008cb5e248}: 'java.lang.Object java.lang.invoke.DirectMethodHandle$Holder.newInvokeSpecial(java.lang.Object, java.lang.Object, java.lang.Object, java.lang.Object, int, java.lang.Object, java.lang.Object)'> (0x000000008cb5e248) 
thrown [s\src\hotspot\share\interpreter\linkResolver.cpp, line 784]
Event: 1.991 Thread 0x000001da8a2b1a20 Exception <a 'java/lang/NoSuchMethodError'{0x000000008cb66428}: 'java.lang.Object java.lang.invoke.Invokers$Holder.linkToTargetMethod(java.lang.Object, java.lang.Object, java.lang.Object, int, java.lang.Object, java.lang.Object, java.lang.Object)'> (0x000000008cb66428) 
thrown [s\src\hotspot\share\interpreter\linkResolver.cpp, line 784]
Event: 2.011 Thread 0x000001da8a2b1a20 Exception <a 'java/lang/NoSuchMethodError'{0x000000008c928830}: 'java.lang.Object java.lang.invoke.DirectMethodHandle$Holder.invokeSpecial(java.lang.Object, java.lang.Object, int, java.lang.Object, java.lang.Object)'> (0x000000008c928830) 
thrown [s\src\hotspot\share\interpreter\linkResolver.cpp, line 784]
Event: 2.024 Thread 0x000001da8a2b1a20 Exception <a 'java/lang/NoSuchMethodError'{0x000000008c855768}: 'java.lang.Object java.lang.invoke.DirectMethodHandle$Holder.invokeStatic(java.lang.Object, int, java.lang.Object, java.lang.Object)'> (0x000000008c855768) 
thrown [s\src\hotspot\share\interpreter\linkResolver.cpp, line 784]

ZGC Phase Switch (0 events):
No events

VM Operations (20 events):
Event: 1.101 Executing VM operation: G1CollectForAllocation (G1 Evacuation Pause)
Event: 1.105 Executing VM operation: G1CollectForAllocation (G1 Evacuation Pause) done
Event: 1.179 Executing VM operation: CollectForMetadataAllocation (Metadata GC Threshold)
Event: 1.183 Executing VM operation: CollectForMetadataAllocation (Metadata GC Threshold) done
Event: 1.187 Executing VM operation: G1PauseRemark
Event: 1.189 Executing VM operation: G1PauseRemark done
Event: 1.191 Executing VM operation: G1PauseCleanup
Event: 1.191 Executing VM operation: G1PauseCleanup done
Event: 1.312 Executing VM operation: HandshakeAllThreads (Deoptimize)
Event: 1.312 Executing VM operation: HandshakeAllThreads (Deoptimize) done
Event: 1.398 Executing VM operation: G1CollectForAllocation (G1 Evacuation Pause)
Event: 1.402 Executing VM operation: G1CollectForAllocation (G1 Evacuation Pause) done
Event: 1.646 Executing VM operation: G1CollectForAllocation (G1 Evacuation Pause)
Event: 1.655 Executing VM operation: G1CollectForAllocation (G1 Evacuation Pause) done
Event: 1.778 Executing VM operation: HandshakeAllThreads (Deoptimize)
Event: 1.778 Executing VM operation: HandshakeAllThreads (Deoptimize) done
Event: 1.859 Executing VM operation: ICBufferFull
Event: 1.859 Executing VM operation: ICBufferFull done
Event: 1.883 Executing VM operation: G1CollectForAllocation (G1 Evacuation Pause)
Event: 1.896 Executing VM operation: G1CollectForAllocation (G1 Evacuation Pause) done

Memory protections (0 events):
No events

Nmethod flushes (20 events):
Event: 1.189 Thread 0x000001daa3cc1d70 flushing  nmethod 0x000001da8f61b490
Event: 1.189 Thread 0x000001daa3cc1d70 flushing  nmethod 0x000001da8f61db90
Event: 1.189 Thread 0x000001daa3cc1d70 flushing  nmethod 0x000001da8f61f190
Event: 1.189 Thread 0x000001daa3cc1d70 flushing  nmethod 0x000001da8f629d10
Event: 1.189 Thread 0x000001daa3cc1d70 flushing  nmethod 0x000001da8f62f590
Event: 1.189 Thread 0x000001daa3cc1d70 flushing  nmethod 0x000001da8f630490
Event: 1.189 Thread 0x000001daa3cc1d70 flushing  nmethod 0x000001da8f642f10
Event: 1.189 Thread 0x000001daa3cc1d70 flushing  nmethod 0x000001da8f655f10
Event: 1.189 Thread 0x000001daa3cc1d70 flushing  nmethod 0x000001da8f656290
Event: 1.189 Thread 0x000001daa3cc1d70 flushing  nmethod 0x000001da8f658490
Event: 1.189 Thread 0x000001daa3cc1d70 flushing  nmethod 0x000001da8f667710
Event: 1.189 Thread 0x000001daa3cc1d70 flushing  nmethod 0x000001da8f668c90
Event: 1.189 Thread 0x000001daa3cc1d70 flushing  nmethod 0x000001da8f669190
Event: 1.189 Thread 0x000001daa3cc1d70 flushing  nmethod 0x000001da8f669690
Event: 1.189 Thread 0x000001daa3cc1d70 flushing  nmethod 0x000001da8f669d10
Event: 1.189 Thread 0x000001daa3cc1d70 flushing  nmethod 0x000001da8f66a390
Event: 1.189 Thread 0x000001daa3cc1d70 flushing  nmethod 0x000001da8f66b790
Event: 1.189 Thread 0x000001daa3cc1d70 flushing  nmethod 0x000001da8f66d490
Event: 1.189 Thread 0x000001daa3cc1d70 flushing  nmethod 0x000001da8f683990
Event: 1.189 Thread 0x000001daa3cc1d70 flushing  nmethod 0x000001da8f6ab910

Events (16 events):
Event: 0.008 Thread 0x000001da8a2b1a20 Thread added: 0x000001da8a2b1a20
Event: 0.036 Thread 0x000001da8a2b1a20 Thread added: 0x000001daa805d7c0
Event: 0.037 Thread 0x000001da8a2b1a20 Thread added: 0x000001daa805e4d0
Event: 0.037 Thread 0x000001da8a2b1a20 Thread added: 0x000001daa80611d0
Event: 0.037 Thread 0x000001da8a2b1a20 Thread added: 0x000001daa8061ef0
Event: 0.037 Thread 0x000001da8a2b1a20 Thread added: 0x000001daa8074b60
Event: 0.037 Thread 0x000001da8a2b1a20 Thread added: 0x000001daa808bda0
Event: 0.037 Thread 0x000001da8a2b1a20 Thread added: 0x000001daa808c7f0
Event: 0.038 Thread 0x000001da8a2b1a20 Thread added: 0x000001daa8077420
Event: 0.059 Thread 0x000001da8a2b1a20 Thread added: 0x000001daa8230850
Event: 0.062 Thread 0x000001da8a2b1a20 Thread added: 0x000001daa824dcc0
Event: 0.068 Loaded shared library D:\Android\Android Studio2\jbr\bin\net.dll
Event: 0.069 Loaded shared library D:\Android\Android Studio2\jbr\bin\nio.dll
Event: 0.079 Thread 0x000001daa808c7f0 Thread added: 0x000001daa8252ec0
Event: 0.085 Loaded shared library D:\Android\Android Studio2\jbr\bin\zip.dll
Event: 0.103 Loaded shared library D:\Android\Android Studio2\jbr\bin\jimage.dll


Dynamic libraries:
0x00007ff7bf850000 - 0x00007ff7bf85a000 	D:\Android\Android Studio2\jbr\bin\java.exe
0x00007ff86dcb0000 - 0x00007ff86dec7000 	C:\WINDOWS\SYSTEM32\ntdll.dll
0x00007ff86c9f0000 - 0x00007ff86cab4000 	C:\WINDOWS\System32\KERNEL32.DLL
0x00007ff86af50000 - 0x00007ff86b323000 	C:\WINDOWS\System32\KERNELBASE.dll
0x00007ff86b3b0000 - 0x00007ff86b4c1000 	C:\WINDOWS\System32\ucrtbase.dll
0x00007ff8688a0000 - 0x00007ff8688b8000 	D:\Android\Android Studio2\jbr\bin\jli.dll
0x00007ff85ec80000 - 0x00007ff85ec9b000 	D:\Android\Android Studio2\jbr\bin\VCRUNTIME140.dll
0x00007ff86c750000 - 0x00007ff86c901000 	C:\WINDOWS\System32\USER32.dll
0x00007ff86b7a0000 - 0x00007ff86b7c6000 	C:\WINDOWS\System32\win32u.dll
0x00007ff86dc40000 - 0x00007ff86dc69000 	C:\WINDOWS\System32\GDI32.dll
0x00007ff858a80000 - 0x00007ff858d1b000 	C:\WINDOWS\WinSxS\amd64_microsoft.windows.common-controls_6595b64144ccf1df_6.0.22621.5262_none_2712bde373830908\COMCTL32.dll
0x00007ff86ada0000 - 0x00007ff86aec2000 	C:\WINDOWS\System32\gdi32full.dll
0x00007ff86b700000 - 0x00007ff86b79a000 	C:\WINDOWS\System32\msvcp_win.dll
0x00007ff86cf40000 - 0x00007ff86cfe7000 	C:\WINDOWS\System32\msvcrt.dll
0x00007ff86cf00000 - 0x00007ff86cf31000 	C:\WINDOWS\System32\IMM32.DLL
0x00007ff8685f0000 - 0x00007ff8685fc000 	D:\Android\Android Studio2\jbr\bin\vcruntime140_1.dll
0x00007ff833410000 - 0x00007ff83349d000 	D:\Android\Android Studio2\jbr\bin\msvcp140.dll
0x00007fffebfc0000 - 0x00007fffecc4a000 	D:\Android\Android Studio2\jbr\bin\server\jvm.dll
0x00007ff86c580000 - 0x00007ff86c631000 	C:\WINDOWS\System32\ADVAPI32.dll
0x00007ff86db90000 - 0x00007ff86dc37000 	C:\WINDOWS\System32\sechost.dll
0x00007ff86b610000 - 0x00007ff86b638000 	C:\WINDOWS\System32\bcrypt.dll
0x00007ff86cb40000 - 0x00007ff86cc54000 	C:\WINDOWS\System32\RPCRT4.dll
0x00007ff86d1d0000 - 0x00007ff86d241000 	C:\WINDOWS\System32\WS2_32.dll
0x00007ff86ac70000 - 0x00007ff86acbd000 	C:\WINDOWS\SYSTEM32\POWRPROF.dll
0x00007ff864fc0000 - 0x00007ff864ff4000 	C:\WINDOWS\SYSTEM32\WINMM.dll
0x00007ff85f320000 - 0x00007ff85f32a000 	C:\WINDOWS\SYSTEM32\VERSION.dll
0x00007ff86ac50000 - 0x00007ff86ac63000 	C:\WINDOWS\SYSTEM32\UMPDC.dll
0x00007ff869d50000 - 0x00007ff869d68000 	C:\WINDOWS\SYSTEM32\kernel.appcore.dll
0x00007ff866b10000 - 0x00007ff866b1a000 	D:\Android\Android Studio2\jbr\bin\jimage.dll
0x00007ff868640000 - 0x00007ff868872000 	C:\WINDOWS\SYSTEM32\DBGHELP.DLL
0x00007ff86b940000 - 0x00007ff86bcd3000 	C:\WINDOWS\System32\combase.dll
0x00007ff86c640000 - 0x00007ff86c717000 	C:\WINDOWS\System32\OLEAUT32.dll
0x00007ff8534f0000 - 0x00007ff853522000 	C:\WINDOWS\SYSTEM32\dbgcore.DLL
0x00007ff86aed0000 - 0x00007ff86af4b000 	C:\WINDOWS\System32\bcryptPrimitives.dll
0x00007ff85c4e0000 - 0x00007ff85c500000 	D:\Android\Android Studio2\jbr\bin\java.dll
0x00007ff857480000 - 0x00007ff857498000 	D:\Android\Android Studio2\jbr\bin\zip.dll
0x00007ff86bce0000 - 0x00007ff86c57d000 	C:\WINDOWS\System32\SHELL32.dll
0x00007ff86b4d0000 - 0x00007ff86b60f000 	C:\WINDOWS\System32\wintypes.dll
0x00007ff868c90000 - 0x00007ff8695ad000 	C:\WINDOWS\SYSTEM32\windows.storage.dll
0x00007ff86cff0000 - 0x00007ff86d0fb000 	C:\WINDOWS\System32\SHCORE.dll
0x00007ff86c910000 - 0x00007ff86c976000 	C:\WINDOWS\System32\shlwapi.dll
0x00007ff86acd0000 - 0x00007ff86acfb000 	C:\WINDOWS\SYSTEM32\profapi.dll
0x00007ff8659e0000 - 0x00007ff8659f0000 	D:\Android\Android Studio2\jbr\bin\net.dll
0x00007ff8665c0000 - 0x00007ff8666ec000 	C:\WINDOWS\SYSTEM32\WINHTTP.dll
0x00007ff86a230000 - 0x00007ff86a29a000 	C:\WINDOWS\system32\mswsock.dll
0x00007ff857460000 - 0x00007ff857476000 	D:\Android\Android Studio2\jbr\bin\nio.dll
0x00007ff860c80000 - 0x00007ff860c90000 	D:\Android\Android Studio2\jbr\bin\verify.dll

dbghelp: loaded successfully - version: 4.0.5 - missing functions: none
symbol engine: initialized successfully - sym options: 0x614 - pdb path: .;D:\Android\Android Studio2\jbr\bin;C:\WINDOWS\SYSTEM32;C:\WINDOWS\WinSxS\amd64_microsoft.windows.common-controls_6595b64144ccf1df_6.0.22621.5262_none_2712bde373830908;D:\Android\Android Studio2\jbr\bin\server

VM Arguments:
java_command: org.jetbrains.kotlin.cli.jvm.K2JVMCompiler @D:\AndroidStudioProjects\CatatanKeuanganPribadi\app\build\20250605_9880794544676953417.compiler.options
java_class_path (initial): C:\Users\USERR\.gradle\caches\modules-2\files-2.1\org.jetbrains.kotlin\kotlin-compiler-embeddable\2.0.21\79346ed53db48b18312a472602eb5c057070c54d\kotlin-compiler-embeddable-2.0.21.jar;C:\Users\USERR\.gradle\caches\modules-2\files-2.1\org.jetbrains.kotlin\kotlin-stdlib\2.0.21\618b539767b4899b4660a83006e052b63f1db551\kotlin-stdlib-2.0.21.jar;C:\Users\USERR\.gradle\caches\modules-2\files-2.1\org.jetbrains.kotlin\kotlin-script-runtime\2.0.21\c9b044380ad41f89aa89aa896c2d32a8c0b2129d\kotlin-script-runtime-2.0.21.jar;C:\Users\USERR\.gradle\caches\modules-2\files-2.1\org.jetbrains.kotlin\kotlin-reflect\1.6.10\1cbe9c92c12a94eea200d23c2bbaedaf3daf5132\kotlin-reflect-1.6.10.jar;C:\Users\USERR\.gradle\caches\modules-2\files-2.1\org.jetbrains.kotlin\kotlin-daemon-embeddable\2.0.21\c9e933b23287de9b5a17e2116b4657bb91aea72c\kotlin-daemon-embeddable-2.0.21.jar;C:\Users\USERR\.gradle\caches\modules-2\files-2.1\org.jetbrains.intellij.deps\trove4j\1.0.20200330\3afb14d5f9ceb459d724e907a21145e8ff394f02\trove4j-1.0.20200330.jar;C:\Users\USERR\.gradle\caches\modules-2\files-2.1\org.jetbrains.kotlinx\kotlinx-coroutines-core-jvm\1.6.4\2c997cd1c0ef33f3e751d3831929aeff1390cb30\kotlinx-coroutines-core-jvm-1.6.4.jar;C:\Users\USERR\.gradle\caches\modules-2\files-2.1\org.jetbrains\annotations\13.0\919f0dfe192fb4e063e7dacadee7f8bb9a2672a9\annotations-13.0.jar
Launcher Type: SUN_STANDARD

[Global flags]
     intx CICompilerCount                          = 4                                         {product} {ergonomic}
     uint ConcGCThreads                            = 3                                         {product} {ergonomic}
     uint G1ConcRefinementThreads                  = 10                                        {product} {ergonomic}
   size_t G1HeapRegionSize                         = 1048576                                   {product} {ergonomic}
    uintx GCDrainStackTargetSize                   = 64                                        {product} {ergonomic}
   size_t InitialHeapSize                          = 125829120                                 {product} {ergonomic}
   size_t MarkStackSize                            = 4194304                                   {product} {ergonomic}
   size_t MaxHeapSize                              = 1988100096                                {product} {ergonomic}
   size_t MaxNewSize                               = 1192230912                                {product} {ergonomic}
   size_t MinHeapDeltaBytes                        = 1048576                                   {product} {ergonomic}
   size_t MinHeapSize                              = 8388608                                   {product} {ergonomic}
    uintx NonNMethodCodeHeapSize                   = 5839372                                {pd product} {ergonomic}
    uintx NonProfiledCodeHeapSize                  = 122909434                              {pd product} {ergonomic}
    uintx ProfiledCodeHeapSize                     = 122909434                              {pd product} {ergonomic}
    uintx ReservedCodeCacheSize                    = 251658240                              {pd product} {ergonomic}
     bool SegmentedCodeCache                       = true                                      {product} {ergonomic}
   size_t SoftMaxHeapSize                          = 1988100096                             {manageable} {ergonomic}
     bool UseCompressedOops                        = true                           {product lp64_product} {ergonomic}
     bool UseG1GC                                  = true                                      {product} {ergonomic}
     bool UseLargePagesIndividualAllocation        = false                                  {pd product} {ergonomic}

Logging:
Log output configuration:
 #0: stdout all=warning uptime,level,tags foldmultilines=false
 #1: stderr all=off uptime,level,tags foldmultilines=false

Environment Variables:
JAVA_HOME=C:\Java\jdk1.8.0_301\bin
PATH=C:\Java\jdk1.8.0_301\bin;C:\Program Files\Java\jdk-XX\bin;C:\Program Files (x86)\Common Files\Intel\Shared Files\cpp\bin\Intel64;C:\Program Files\Common Files\Oracle\Java\javapath;C:\Python312\Scripts\;C:\Python312\;C:\WINDOWS\system32;C:\WINDOWS;C:\WINDOWS\System32\Wbem;C:\WINDOWS\System32\WindowsPowerShell\v1.0\;C:\WINDOWS\System32\OpenSSH\;C:\xampp\php;C:\ProgramData\chocolatey\bin;C:\Users\USERR\AppData\Roaming\nvm;C:\Program Files\nodejs;D:\;D:\Java\jdk-21\bin;D:\nodejs\;C:\hadoop\bin;C:\hadoop\sbin;C:\Users\USERR\AppData\Local\Microsoft\WindowsApps;AppData\Local\Programs\Microsoft VS Code\bin;AppData\Roaming\npm;USERR\AppData\Roaming\npm;USERR\AppData\Local\Programs\Microsoft VS Code\bin;C:\Users\USERR\AppData\Local\Programs\Microsoft VS Code\bin;C:\Users\USERR\AppData\Roaming\npm;C:\Java\jdk1.8.0_301\bin\bin;C:\Program Files\Git\cmd;C:\Users\USERR\AppData\Local\Microsoft\WindowsApps;AppData\Local\Programs\Microsoft VS Code\bin;AppData\Roaming\npm;C:\Users\USERR\AppData\Roaming\nvm;C:\Program Files\nodejs;USERR\AppData\Roaming\npm;USERR\AppData\Local\Programs\Microsoft VS Code\bin;C:\Users\USERR\AppData\Local\Programs\Microsoft VS Code\bin;D:\Java\jdk-21\bin;C:\Users\USERR\AppData\Roaming\npm
USERNAME=USERR
OS=Windows_NT
PROCESSOR_IDENTIFIER=AMD64 Family 25 Model 80 Stepping 0, AuthenticAMD
TMP=C:\Temp
TEMP=C:\Temp




Periodic native trim disabled

JNI global refs:
JNI global refs: 8, weak refs: 13

JNI global refs memory usage: 835, weak refs: 833

Process memory usage:
Resident Set Size: 216024K (2% of 7765964K total physical memory with 468472K free physical memory)

OOME stack traces (most recent first):
Classloader memory used:
Loader jdk.internal.loader.ClassLoaders$AppClassLoader                                 : 40969K
Loader bootstrap                                                                       : 10329K

---------------  S Y S T E M  ---------------

OS:
 Windows 11 , 64 bit Build 22621 (10.0.22621.5262)
OS uptime: 2 days 12:12 hours
Hyper-V role detected

CPU: total 12 (initial active 12) (12 cores per cpu, 2 threads per core) family 25 model 80 stepping 0 microcode 0x0, cx8, cmov, fxsr, ht, mmx, 3dnowpref, sse, sse2, sse3, ssse3, sse4a, sse4.1, sse4.2, popcnt, lzcnt, tsc, tscinvbit, avx, avx2, aes, erms, clmul, bmi1, bmi2, adx, sha, fma, vzeroupper, clflush, clflushopt, hv, rdtscp, rdpid, fsrm, f16c, cet_ss
Processor Information for processor 0
  Max Mhz: 3301, Current Mhz: 3301, Mhz Limit: 3301
Processor Information for processor 1
  Max Mhz: 3301, Current Mhz: 2630, Mhz Limit: 3301
Processor Information for processor 2
  Max Mhz: 3301, Current Mhz: 2630, Mhz Limit: 3301
Processor Information for processor 3
  Max Mhz: 3301, Current Mhz: 2630, Mhz Limit: 3301
Processor Information for processor 4
  Max Mhz: 3301, Current Mhz: 2630, Mhz Limit: 3301
Processor Information for processor 5
  Max Mhz: 3301, Current Mhz: 3301, Mhz Limit: 3301
Processor Information for processor 6
  Max Mhz: 3301, Current Mhz: 3301, Mhz Limit: 3301
Processor Information for processor 7
  Max Mhz: 3301, Current Mhz: 3301, Mhz Limit: 3301
Processor Information for processor 8
  Max Mhz: 3301, Current Mhz: 3301, Mhz Limit: 3301
Processor Information for processor 9
  Max Mhz: 3301, Current Mhz: 2630, Mhz Limit: 3301
Processor Information for processor 10
  Max Mhz: 3301, Current Mhz: 2630, Mhz Limit: 3301
Processor Information for processor 11
  Max Mhz: 3301, Current Mhz: 3301, Mhz Limit: 3301

Memory: 4k page, system-wide physical 7583M (458M free)
TotalPageFile size 31135M (AvailPageFile size 9M)
current process WorkingSet (physical memory assigned to process): 211M, peak: 213M
current process commit charge ("private bytes"): 250M, peak: 254M

vm_info: OpenJDK 64-Bit Server VM (21.0.5+-13047016-b750.29) for windows-amd64 JRE (21.0.5+-13047016-b750.29), built on 2025-02-11T21:12:39Z by "builder" with MS VC++ 16.10 / 16.11 (VS2019)

END.
